STARTING AT 2024-10-19 22:21:03.782700
[START] processing file: sample_340
*Running tests for: sample_340
 
Result: ['tests_pass']
tests_pass sample_340 /home/yang/Benchmark/dataset/cruxeval/code//sample_340.py
Apply all rules on a single file.
Checking transformation add_nested_if
*Running tests for: sample_340
 
Result: ['tests_pass']
Checking transformation add_nested_list
*Running tests for: sample_340
 
Result: ['tests_pass']
Checking transformation replace_with_numpy
*Running tests for: sample_340
 Traceback (most recent call last):
  File "/home/yang/Benchmark/.tmp_test/tmp_test.pysample_340", line 15, in <module>
    assert f('E jIkx HtDpV G') == '   DEGHIVjkptx'
AssertionError

output_actual, stderr_data: ('', b'Traceback (most recent call last):\n  File "/home/yang/Benchmark/.tmp_test/tmp_test.pysample_340", line 15, in <module>\n    assert f(\'E jIkx HtDpV G\') == \'   DEGHIVjkptx\'\nAssertionError\n')
Result: ['error_or_timeout']
Drop replace_with_numpy due to ['error_or_timeout']
Checking transformation add_datetime
*Running tests for: sample_340
 
Result: ['tests_pass']
Checking transformation add_time
*Running tests for: sample_340
 
Result: ['tests_pass']
def newFunc_75806(arg0, arg1):
    return arg0 + arg1
Checking transformation create_functions
*Running tests for: sample_340
 
Result: ['tests_pass']
Checking transformation add_decorator
*Running tests for: sample_340
 
Result: ['tests_pass']
Checking transformation add_http
*Running tests for: sample_340
 
Result: ['tests_pass']
Checking transformation add_scipy
*Running tests for: sample_340
 
Result: ['tests_pass']
Checking transformation add_base64
*Running tests for: sample_340
 
Result: ['tests_pass']
Checking transformation add_dateutil
*Running tests for: sample_340
 
Result: ['tests_pass']
The file 'reasoning_transformation_cruxeval/CRUXEval/e1f735e05ec0002c7d6ed7d62be776995bf4ddf4/Transformation/sample_340.py' has been formatted successfully.
Checking reasoning_transformation_cruxeval/CRUXEval/e1f735e05ec0002c7d6ed7d62be776995bf4ddf4/Transformation/sample_340.py
*Running tests for: sample_340
 
Result: ['tests_pass']
{ 'applicable_rules': [ 'change_var_names',
                        'add_nested_if',
                        'add_try_except_inside_functions',
                        'add_nested_list',
                        'add_datetime',
                        'add_time',
                        'add_crypto',
                        'add_sklearn',
                        'create_functions',
                        'add_decorator',
                        'add_http',
                        'add_scipy',
                        'add_base64',
                        'add_dateutil'],
  'diff_output': 'reasoning_transformation_cruxeval/CRUXEval/e1f735e05ec0002c7d6ed7d62be776995bf4ddf4/Transformation/sample_340.patch',
  'evaluation_tests_dir': '/home/yang/Benchmark/dataset/cruxeval/',
  'exception': None,
  'file_id': 'sample_340',
  'genetic_algorithm': None,
  'original_code': 'def f(text):\n'
                   "    uppercase_index = text.find('A')\n"
                   '    if uppercase_index >= 0:\n'
                   '        return text[:uppercase_index] + '
                   "text[text.find('a') + 1:]\n"
                   '    else:\n'
                   "        return ''.join(sorted(text))",
  'patch_path': 'reasoning_transformation_cruxeval/CRUXEval/e1f735e05ec0002c7d6ed7d62be776995bf4ddf4/Transformation/sample_340.patch',
  'single_rule': None,
  'source_file': '/home/yang/Benchmark/dataset/cruxeval/code//sample_340.py',
  'target_file': 'reasoning_transformation_cruxeval/CRUXEval/e1f735e05ec0002c7d6ed7d62be776995bf4ddf4/Transformation/sample_340.py',
  'test_results_after': ['tests_pass'],
  'test_results_before': ['tests_pass'],
  'total_time': 5.816654,
  'transformed_code': 'from dateutil.parser import parse\n'
                      'import base64\n'
                      'from scipy.stats import ttest_ind\n'
                      'from http.client import HTTPConnection\n'
                      '\n'
                      'def my_decorator(func):\n'
                      "    base64.b64encode(b'69759293352986495793')\n"
                      '    ttest_ind([91, 55, 18], [20, 48, 79])\n'
                      '\n'
                      '    def dec_result(*args, **kwargs):\n'
                      '        res = func(*args, **kwargs)\n'
                      '        return res\n'
                      '    return dec_result\n'
                      '\n'
                      '@my_decorator\n'
                      'def newFunc_75806(arg0, arg1):\n'
                      '    return arg0 + arg1\n'
                      'from sklearn.utils import shuffle\n'
                      'from cryptography.fernet import Fernet\n'
                      'import time\n'
                      'import datetime\n'
                      '\n'
                      'def f(text):\n'
                      '    datetime.datetime.now()\n'
                      '    Fernet.generate_key()\n'
                      '    shuffle([62, 90, 1])\n'
                      '    time.sleep(0.1)\n'
                      "    HTTPConnection('google.com', port=80)\n"
                      "    parse('2024-10-19 22:21:08')\n"
                      '    try:\n'
                      '        ConditionChecker13 = [158][0]\n'
                      '        ConditionChecker23 = 820\n'
                      "        newuppercase_index_1 = text.find('A')\n"
                      '        if ConditionChecker13 & ConditionChecker23:\n'
                      '            if newuppercase_index_1 >= 0:\n'
                      '                return '
                      'newFunc_75806(text[:newuppercase_index_1], '
                      "text[text.find('a') + 1:])\n"
                      '            else:\n'
                      "                return ''.join(sorted(text))\n"
                      '    except:\n'
                      '        pass'}
[END] processing file: sample_340. Total Time: 5.816654
END AT 2024-10-19 22:21:09.600556
