STARTING AT 2024-10-19 22:19:36.284991
[START] processing file: sample_329
*Running tests for: sample_329
 
Result: ['tests_pass']
tests_pass sample_329 /home/yang/Benchmark/dataset/cruxeval/code//sample_329.py
Apply all rules on a single file.
Checking transformation add_nested_for_out
*Running tests for: sample_329
 
Result: ['tests_pass']
Checking transformation add_nested_if
*Running tests for: sample_329
 
Result: ['tests_pass']
Checking transformation add_nested_list
*Running tests for: sample_329
 
Result: ['tests_pass']
Checking transformation transform_range_to_recursion
*Running tests for: sample_329
 Traceback (most recent call last):
  File "/home/yang/Benchmark/.tmp_test/tmp_test.pysample_329", line 22, in <module>
    assert f('jh54kkk6') == True
AssertionError

output_actual, stderr_data: ('', b'Traceback (most recent call last):\n  File "/home/yang/Benchmark/.tmp_test/tmp_test.pysample_329", line 22, in <module>\n    assert f(\'jh54kkk6\') == True\nAssertionError\n')
Result: ['error_or_timeout']
Drop transform_range_to_recursion due to ['error_or_timeout']
Checking transformation add_datetime
*Running tests for: sample_329
 
Result: ['tests_pass']
Checking transformation add_time
*Running tests for: sample_329
 
Result: ['tests_pass']
Checking transformation create_functions
*Running tests for: sample_329
 
Result: ['tests_pass']
Checking transformation add_decorator
*Running tests for: sample_329
 
Result: ['tests_pass']
Checking transformation add_http
*Running tests for: sample_329
 
Result: ['tests_pass']
Checking transformation add_scipy
*Running tests for: sample_329
 
Result: ['tests_pass']
Checking transformation add_base64
*Running tests for: sample_329
 
Result: ['tests_pass']
Checking transformation add_dateutil
*Running tests for: sample_329
 
Result: ['tests_pass']
The file 'reasoning_transformation_cruxeval/CRUXEval/e1f735e05ec0002c7d6ed7d62be776995bf4ddf4/Transformation/sample_329.py' has been formatted successfully.
Checking reasoning_transformation_cruxeval/CRUXEval/e1f735e05ec0002c7d6ed7d62be776995bf4ddf4/Transformation/sample_329.py
*Running tests for: sample_329
 
Result: ['tests_pass']
{ 'applicable_rules': [ 'change_var_names',
                        'add_nested_for_out',
                        'add_nested_if',
                        'add_try_except_inside_functions',
                        'add_else_to_for',
                        'add_nested_list',
                        'add_datetime',
                        'add_time',
                        'add_crypto',
                        'add_sklearn',
                        'create_functions',
                        'add_decorator',
                        'add_http',
                        'add_scipy',
                        'add_base64',
                        'add_dateutil'],
  'diff_output': 'reasoning_transformation_cruxeval/CRUXEval/e1f735e05ec0002c7d6ed7d62be776995bf4ddf4/Transformation/sample_329.patch',
  'evaluation_tests_dir': '/home/yang/Benchmark/dataset/cruxeval/',
  'exception': None,
  'file_id': 'sample_329',
  'genetic_algorithm': None,
  'original_code': 'def f(text):\n'
                   '    for i in range(len(text)):\n'
                   '        if text[i] == text[i].upper() and text[i - '
                   '1].islower():\n'
                   '            return True\n'
                   '    return False',
  'patch_path': 'reasoning_transformation_cruxeval/CRUXEval/e1f735e05ec0002c7d6ed7d62be776995bf4ddf4/Transformation/sample_329.patch',
  'single_rule': None,
  'source_file': '/home/yang/Benchmark/dataset/cruxeval/code//sample_329.py',
  'target_file': 'reasoning_transformation_cruxeval/CRUXEval/e1f735e05ec0002c7d6ed7d62be776995bf4ddf4/Transformation/sample_329.py',
  'test_results_after': ['tests_pass'],
  'test_results_before': ['tests_pass'],
  'total_time': 7.237106,
  'transformed_code': 'from dateutil.parser import parse\n'
                      'import base64\n'
                      'from scipy.stats import ttest_ind\n'
                      'from http.client import HTTPConnection\n'
                      '\n'
                      'def my_decorator(func):\n'
                      '\n'
                      '    def dec_result(*args, **kwargs):\n'
                      '        res = func(*args, **kwargs)\n'
                      '        return res\n'
                      '    return dec_result\n'
                      '\n'
                      '@my_decorator\n'
                      'def newFunc_BinOp0(a, b):\n'
                      "    parse('2024-10-19 22:19:41')\n"
                      '    ttest_ind([58, 37, 57], [23, 99, 9])\n'
                      '    return a // b\n'
                      'from sklearn.utils import shuffle\n'
                      'from cryptography.fernet import Fernet\n'
                      'import time\n'
                      'import datetime\n'
                      '\n'
                      'def f(text):\n'
                      '    datetime.datetime.now()\n'
                      "    base64.b64encode(b'99371331514937681800')\n"
                      '    shuffle([10, 68, 57])\n'
                      '    time.sleep(0.28)\n'
                      "    HTTPConnection('google.com', port=80)\n"
                      '    Fernet.generate_key()\n'
                      '    try:\n'
                      '        LoopChecker12 = [258][0]\n'
                      '        LoopChecker22 = 257\n'
                      '        ConditionChecker16 = 900\n'
                      '        ConditionChecker26 = 573\n'
                      '        for LoopIndexOut in '
                      'range(newFunc_BinOp0(LoopChecker12, LoopChecker22)):\n'
                      '            for newi_1 in range(len(text)):\n'
                      '                if ConditionChecker16 & '
                      'ConditionChecker26:\n'
                      '                    if text[newi_1] == '
                      'text[newi_1].upper() and text[newi_1 - 1].islower():\n'
                      '                        return True\n'
                      '        else:\n'
                      '            pass\n'
                      '        return False\n'
                      '    except:\n'
                      '        pass'}
[END] processing file: sample_329. Total Time: 7.237106
END AT 2024-10-19 22:19:43.524041
