STARTING AT 2024-10-19 23:41:15.566497
[START] processing file: sample_797
*Running tests for: sample_797
 
Result: ['tests_pass']
tests_pass sample_797 /home/yang/Benchmark/dataset/cruxeval/code//sample_797.py
Apply all rules on a single file.
Checking transformation add_nested_for_out
*Running tests for: sample_797
 
Result: ['tests_pass']
Checking transformation add_nested_list
*Running tests for: sample_797
 
Result: ['tests_pass']
Checking transformation transform_range_to_recursion
*Running tests for: sample_797
 
Result: ['tests_pass']
Checking transformation replace_with_numpy
*Running tests for: sample_797
 Traceback (most recent call last):
  File "/home/yang/Benchmark/.tmp_test/tmp_test.pysample_797", line 19, in <module>
    assert f({'a': 1, 'b': 2, 'c': 3}) == [('a', 1), ('b', 2), ('c', 3)]
AssertionError

output_actual, stderr_data: ('', b'Traceback (most recent call last):\n  File "/home/yang/Benchmark/.tmp_test/tmp_test.pysample_797", line 19, in <module>\n    assert f({\'a\': 1, \'b\': 2, \'c\': 3}) == [(\'a\', 1), (\'b\', 2), (\'c\', 3)]\nAssertionError\n')
Result: ['error_or_timeout']
Drop replace_with_numpy due to ['error_or_timeout']
Checking transformation add_datetime
*Running tests for: sample_797
 
Result: ['tests_pass']
Checking transformation add_time
*Running tests for: sample_797
 
Result: ['tests_pass']
Checking transformation create_functions
*Running tests for: sample_797
 
Result: ['tests_pass']
Checking transformation add_decorator
*Running tests for: sample_797
 
Result: ['tests_pass']
Checking transformation add_http
*Running tests for: sample_797
 
Result: ['tests_pass']
Checking transformation add_scipy
*Running tests for: sample_797
 
Result: ['tests_pass']
Checking transformation add_base64
*Running tests for: sample_797
 
Result: ['tests_pass']
Checking transformation add_dateutil
*Running tests for: sample_797
 
Result: ['tests_pass']
The file 'reasoning_transformation_cruxeval/CRUXEval/951a917df7397c9cb698ead54386db6d1db4ffb0/Transformation/sample_797.py' has been formatted successfully.
Checking reasoning_transformation_cruxeval/CRUXEval/951a917df7397c9cb698ead54386db6d1db4ffb0/Transformation/sample_797.py
*Running tests for: sample_797
 
Result: ['tests_pass']
{ 'applicable_rules': [ 'change_var_names',
                        'add_nested_for_out',
                        'add_try_except_inside_functions',
                        'add_else_to_for',
                        'add_nested_list',
                        'transform_range_to_recursion',
                        'add_datetime',
                        'add_time',
                        'add_crypto',
                        'add_sklearn',
                        'create_functions',
                        'add_decorator',
                        'add_http',
                        'add_scipy',
                        'add_base64',
                        'add_dateutil'],
  'diff_output': 'reasoning_transformation_cruxeval/CRUXEval/951a917df7397c9cb698ead54386db6d1db4ffb0/Transformation/sample_797.patch',
  'evaluation_tests_dir': '/home/yang/Benchmark/dataset/cruxeval/',
  'exception': None,
  'file_id': 'sample_797',
  'genetic_algorithm': None,
  'original_code': 'def f(dct):\n'
                   '    lst = []\n'
                   '    for key in sorted(dct):\n'
                   '        lst.append((key, dct[key]))\n'
                   '    return lst',
  'patch_path': 'reasoning_transformation_cruxeval/CRUXEval/951a917df7397c9cb698ead54386db6d1db4ffb0/Transformation/sample_797.patch',
  'single_rule': None,
  'source_file': '/home/yang/Benchmark/dataset/cruxeval/code//sample_797.py',
  'target_file': 'reasoning_transformation_cruxeval/CRUXEval/951a917df7397c9cb698ead54386db6d1db4ffb0/Transformation/sample_797.py',
  'test_results_after': ['tests_pass'],
  'test_results_before': ['tests_pass'],
  'total_time': 5.788835,
  'transformed_code': 'from dateutil.parser import parse\n'
                      'import base64\n'
                      'from scipy.stats import ttest_ind\n'
                      'from http.client import HTTPConnection\n'
                      '\n'
                      'def my_decorator(func):\n'
                      "    parse('2024-10-19 23:41:19')\n"
                      "    base64.b64encode(b'33304153639410069561')\n"
                      '    ttest_ind([31, 96, 81], [74, 46, 14])\n'
                      '\n'
                      '    def dec_result(*args, **kwargs):\n'
                      '        res = func(*args, **kwargs)\n'
                      '        return res\n'
                      '    return dec_result\n'
                      '\n'
                      '@my_decorator\n'
                      'def newFunc_BinOp0(a, b):\n'
                      "    HTTPConnection('google.com', port=80)\n"
                      '    return a + b\n'
                      'from sklearn.utils import shuffle\n'
                      'from cryptography.fernet import Fernet\n'
                      'import time\n'
                      'import datetime\n'
                      '\n'
                      'def f(dct):\n'
                      '    shuffle([46, 74, 42])\n'
                      '    Fernet.generate_key()\n'
                      '    datetime.datetime.now()\n'
                      '    time.sleep(0.12)\n'
                      '    try:\n'
                      '        lst = [[]][0]\n'
                      '        LoopChecker13 = 188\n'
                      '        LoopChecker23 = 187\n'
                      '\n'
                      '        def loop_6_8(LoopIndexOut, stop, step):\n'
                      '            if step == 0 or (step > 0 and LoopIndexOut '
                      '>= stop) or (step < 0 and LoopIndexOut <= stop):\n'
                      '                return\n'
                      '            for newkey_1 in sorted(dct):\n'
                      '                lst.append((newkey_1, dct[newkey_1]))\n'
                      '            loop_6_8(newFunc_BinOp0(LoopIndexOut, '
                      'step), stop, step)\n'
                      '        loop_6_8(0, LoopChecker13 // LoopChecker23, 1)\n'
                      '        return lst\n'
                      '    except:\n'
                      '        pass'}
[END] processing file: sample_797. Total Time: 5.788835
END AT 2024-10-19 23:41:21.357546
