STARTING AT 2024-10-19 22:50:14.562954
[START] processing file: sample_607
*Running tests for: sample_607
 
Result: ['tests_pass']
tests_pass sample_607 /home/yang/Benchmark/dataset/cruxeval/code//sample_607.py
Apply all rules on a single file.
Checking transformation add_nested_for_out
*Running tests for: sample_607
 
Result: ['tests_pass']
Checking transformation add_nested_if
*Running tests for: sample_607
 
Result: ['tests_pass']
Checking transformation add_nested_list
*Running tests for: sample_607
 
Result: ['tests_pass']
Checking transformation transform_range_to_recursion
*Running tests for: sample_607
 Traceback (most recent call last):
  File "/home/yang/Benchmark/.tmp_test/tmp_test.pysample_607", line 20, in <module>
    assert f('. C.') == True
AssertionError

output_actual, stderr_data: ('', b'Traceback (most recent call last):\n  File "/home/yang/Benchmark/.tmp_test/tmp_test.pysample_607", line 20, in <module>\n    assert f(\'. C.\') == True\nAssertionError\n')
Result: ['error_or_timeout']
Drop transform_range_to_recursion due to ['error_or_timeout']
Checking transformation add_datetime
*Running tests for: sample_607
 
Result: ['tests_pass']
Checking transformation add_time
*Running tests for: sample_607
 
Result: ['tests_pass']
Checking transformation create_functions
*Running tests for: sample_607
 
Result: ['tests_pass']
Checking transformation add_decorator
*Running tests for: sample_607
 
Result: ['tests_pass']
Checking transformation add_http
*Running tests for: sample_607
 
Result: ['tests_pass']
Checking transformation add_scipy
*Running tests for: sample_607
 
Result: ['tests_pass']
Checking transformation add_base64
*Running tests for: sample_607
 
Result: ['tests_pass']
Checking transformation add_dateutil
*Running tests for: sample_607
 
Result: ['tests_pass']
The file 'reasoning_transformation_cruxeval/CRUXEval/e1f735e05ec0002c7d6ed7d62be776995bf4ddf4/Transformation/sample_607.py' has been formatted successfully.
Checking reasoning_transformation_cruxeval/CRUXEval/e1f735e05ec0002c7d6ed7d62be776995bf4ddf4/Transformation/sample_607.py
*Running tests for: sample_607
 
Result: ['tests_pass']
{ 'applicable_rules': [ 'change_var_names',
                        'add_nested_for_out',
                        'add_nested_if',
                        'add_try_except_inside_functions',
                        'add_else_to_for',
                        'add_nested_list',
                        'add_datetime',
                        'add_time',
                        'add_crypto',
                        'add_sklearn',
                        'create_functions',
                        'add_decorator',
                        'add_http',
                        'add_scipy',
                        'add_base64',
                        'add_dateutil'],
  'diff_output': 'reasoning_transformation_cruxeval/CRUXEval/e1f735e05ec0002c7d6ed7d62be776995bf4ddf4/Transformation/sample_607.patch',
  'evaluation_tests_dir': '/home/yang/Benchmark/dataset/cruxeval/',
  'exception': None,
  'file_id': 'sample_607',
  'genetic_algorithm': None,
  'original_code': 'def f(text):\n'
                   "    for i in ['.', '!', '?']:\n"
                   '        if text.endswith(i):\n'
                   '            return True\n'
                   '    return False',
  'patch_path': 'reasoning_transformation_cruxeval/CRUXEval/e1f735e05ec0002c7d6ed7d62be776995bf4ddf4/Transformation/sample_607.patch',
  'single_rule': None,
  'source_file': '/home/yang/Benchmark/dataset/cruxeval/code//sample_607.py',
  'target_file': 'reasoning_transformation_cruxeval/CRUXEval/e1f735e05ec0002c7d6ed7d62be776995bf4ddf4/Transformation/sample_607.py',
  'test_results_after': ['tests_pass'],
  'test_results_before': ['tests_pass'],
  'total_time': 6.020683,
  'transformed_code': 'from dateutil.parser import parse\n'
                      'import base64\n'
                      'from scipy.stats import ttest_ind\n'
                      'from http.client import HTTPConnection\n'
                      '\n'
                      'def my_decorator(func):\n'
                      "    parse('2024-10-19 22:50:18')\n"
                      '\n'
                      '    def dec_result(*args, **kwargs):\n'
                      '        res = func(*args, **kwargs)\n'
                      '        return res\n'
                      '    return dec_result\n'
                      '\n'
                      '@my_decorator\n'
                      'def newFunc_BinOp0(a, b):\n'
                      '    ttest_ind([89, 23, 68], [43, 35, 40])\n'
                      '    return a // b\n'
                      'from sklearn.utils import shuffle\n'
                      'from cryptography.fernet import Fernet\n'
                      'import time\n'
                      'import datetime\n'
                      '\n'
                      'def f(text):\n'
                      "    HTTPConnection('google.com', port=80)\n"
                      "    base64.b64encode(b'38458078340510552779')\n"
                      '    shuffle([85, 95, 13])\n'
                      '    Fernet.generate_key()\n'
                      '    time.sleep(0.18)\n'
                      '    datetime.datetime.now()\n'
                      '    try:\n'
                      '        LoopChecker12 = [393][0]\n'
                      '        LoopChecker22 = 392\n'
                      '        ConditionChecker16 = 70\n'
                      '        ConditionChecker26 = 867\n'
                      '        for LoopIndexOut in '
                      'range(newFunc_BinOp0(LoopChecker12, LoopChecker22)):\n'
                      "            for newi_1 in ['.', '!', '?']:\n"
                      '                if ConditionChecker16 & '
                      'ConditionChecker26:\n'
                      '                    if text.endswith(newi_1):\n'
                      '                        return True\n'
                      '        else:\n'
                      '            pass\n'
                      '        return False\n'
                      '    except:\n'
                      '        pass'}
[END] processing file: sample_607. Total Time: 6.020683
END AT 2024-10-19 22:50:20.585712
