STARTING AT 2024-10-19 22:41:31.824575
[START] processing file: sample_524
*Running tests for: sample_524
 
Result: ['tests_pass']
tests_pass sample_524 /home/yang/Benchmark/dataset/cruxeval/code//sample_524.py
Apply all rules on a single file.
Checking transformation add_nested_for_out
*Running tests for: sample_524
 
Result: ['tests_pass']
Checking transformation add_nested_list
*Running tests for: sample_524
 
Result: ['tests_pass']
Checking transformation transform_range_to_recursion
*Running tests for: sample_524
 
Result: ['tests_pass']
Checking transformation replace_with_numpy
*Running tests for: sample_524
 Traceback (most recent call last):
  File "/home/yang/Benchmark/.tmp_test/tmp_test.pysample_524", line 21, in <module>
    assert f({2: 5, 4: 1, 3: 5, 1: 3, 5: 1}) == {2: 1, 4: 3, 3: 2, 1: 0, 5: 1}
AssertionError

output_actual, stderr_data: ('', b'Traceback (most recent call last):\n  File "/home/yang/Benchmark/.tmp_test/tmp_test.pysample_524", line 21, in <module>\n    assert f({2: 5, 4: 1, 3: 5, 1: 3, 5: 1}) == {2: 1, 4: 3, 3: 2, 1: 0, 5: 1}\nAssertionError\n')
Result: ['error_or_timeout']
Drop replace_with_numpy due to ['error_or_timeout']
Checking transformation add_datetime
*Running tests for: sample_524
 
Result: ['tests_pass']
Checking transformation add_time
*Running tests for: sample_524
 
Result: ['tests_pass']
Checking transformation create_functions
*Running tests for: sample_524
 
Result: ['tests_pass']
Checking transformation add_decorator
*Running tests for: sample_524
 
Result: ['tests_pass']
Checking transformation add_http
*Running tests for: sample_524
 
Result: ['tests_pass']
Checking transformation add_scipy
*Running tests for: sample_524
 
Result: ['tests_pass']
Checking transformation add_base64
*Running tests for: sample_524
 
Result: ['tests_pass']
Checking transformation add_dateutil
*Running tests for: sample_524
 
Result: ['tests_pass']
The file 'reasoning_transformation_cruxeval/CRUXEval/e1f735e05ec0002c7d6ed7d62be776995bf4ddf4/Transformation/sample_524.py' has been formatted successfully.
Checking reasoning_transformation_cruxeval/CRUXEval/e1f735e05ec0002c7d6ed7d62be776995bf4ddf4/Transformation/sample_524.py
*Running tests for: sample_524
 
Result: ['tests_pass']
{ 'applicable_rules': [ 'change_var_names',
                        'add_nested_for_out',
                        'add_try_except_inside_functions',
                        'add_else_to_for',
                        'add_nested_list',
                        'transform_range_to_recursion',
                        'add_datetime',
                        'add_time',
                        'add_crypto',
                        'add_sklearn',
                        'create_functions',
                        'add_decorator',
                        'add_http',
                        'add_scipy',
                        'add_base64',
                        'add_dateutil'],
  'diff_output': 'reasoning_transformation_cruxeval/CRUXEval/e1f735e05ec0002c7d6ed7d62be776995bf4ddf4/Transformation/sample_524.patch',
  'evaluation_tests_dir': '/home/yang/Benchmark/dataset/cruxeval/',
  'exception': None,
  'file_id': 'sample_524',
  'genetic_algorithm': None,
  'original_code': 'def f(dict0):\n'
                   '    new = dict0.copy()\n'
                   '    for i in range(len(new) - 1):\n'
                   '        dict0[sorted(new)[i]] = i\n'
                   '    return dict0',
  'patch_path': 'reasoning_transformation_cruxeval/CRUXEval/e1f735e05ec0002c7d6ed7d62be776995bf4ddf4/Transformation/sample_524.patch',
  'single_rule': None,
  'source_file': '/home/yang/Benchmark/dataset/cruxeval/code//sample_524.py',
  'target_file': 'reasoning_transformation_cruxeval/CRUXEval/e1f735e05ec0002c7d6ed7d62be776995bf4ddf4/Transformation/sample_524.py',
  'test_results_after': ['tests_pass'],
  'test_results_before': ['tests_pass'],
  'total_time': 6.214559,
  'transformed_code': 'from dateutil.parser import parse\n'
                      'import base64\n'
                      'from scipy.stats import ttest_ind\n'
                      'from http.client import HTTPConnection\n'
                      '\n'
                      'def my_decorator(func):\n'
                      '    ttest_ind([66, 43, 43], [62, 36, 8])\n'
                      '\n'
                      '    def dec_result(*args, **kwargs):\n'
                      '        res = func(*args, **kwargs)\n'
                      '        return res\n'
                      "    parse('2024-10-19 22:41:36')\n"
                      '    return dec_result\n'
                      '\n'
                      '@my_decorator\n'
                      'def newFunc_BinOp0(a, b):\n'
                      "    base64.b64encode(b'96857479218576513881')\n"
                      "    HTTPConnection('google.com', port=80)\n"
                      '    return a // b\n'
                      'from sklearn.utils import shuffle\n'
                      'from cryptography.fernet import Fernet\n'
                      'import time\n'
                      'import datetime\n'
                      '\n'
                      'def f(dict0):\n'
                      '    time.sleep(0.19)\n'
                      '    shuffle([19, 86, 8])\n'
                      '    Fernet.generate_key()\n'
                      '    datetime.datetime.now()\n'
                      '    try:\n'
                      '        new = dict0.copy()\n'
                      '        LoopChecker13 = [644][0]\n'
                      '        LoopChecker23 = 643\n'
                      '        for LoopIndexOut in '
                      'range(newFunc_BinOp0(LoopChecker13, LoopChecker23)):\n'
                      '\n'
                      '            def loop_7_12(newi_1, stop, step):\n'
                      '                if step == 0 or (step > 0 and newi_1 >= '
                      'stop) or (step < 0 and newi_1 <= stop):\n'
                      '                    return\n'
                      '                dict0[sorted(new)[newi_1]] = newi_1\n'
                      '                loop_7_12(newi_1 + step, stop, step)\n'
                      '            loop_7_12(0, len(new) - 1, 1)\n'
                      '        else:\n'
                      '            pass\n'
                      '        return dict0\n'
                      '    except:\n'
                      '        pass'}
[END] processing file: sample_524. Total Time: 6.214559
END AT 2024-10-19 22:41:38.041313
