STARTING AT 2024-10-19 21:57:48.425681
[START] processing file: sample_146
*Running tests for: sample_146
 
Result: ['tests_pass']
tests_pass sample_146 /home/yang/Benchmark/dataset/cruxeval/code//sample_146.py
Apply all rules on a single file.
Checking transformation add_nested_for_out
*Running tests for: sample_146
 
Result: ['tests_pass']
Checking transformation add_nested_if
*Running tests for: sample_146
 Traceback (most recent call last):
  File "/home/yang/Benchmark/.tmp_test/tmp_test.pysample_146", line 13, in <module>
    assert f(5) == [1, 2, 3, 4, 6, 7, 8, 9, 10]
AssertionError

output_actual, stderr_data: ('', b'Traceback (most recent call last):\n  File "/home/yang/Benchmark/.tmp_test/tmp_test.pysample_146", line 13, in <module>\n    assert f(5) == [1, 2, 3, 4, 6, 7, 8, 9, 10]\nAssertionError\n')
Result: ['error_or_timeout']
Drop add_nested_if due to ['error_or_timeout']
Checking transformation add_nested_list
*Running tests for: sample_146
 
Result: ['tests_pass']
Checking transformation transform_range_to_recursion
*Running tests for: sample_146
 
Result: ['tests_pass']
Checking transformation add_datetime
*Running tests for: sample_146
 
Result: ['tests_pass']
Checking transformation add_time
*Running tests for: sample_146
 
Result: ['tests_pass']
Checking transformation create_functions
*Running tests for: sample_146
 
Result: ['tests_pass']
Checking transformation add_decorator
*Running tests for: sample_146
 
Result: ['tests_pass']
Checking transformation add_http
*Running tests for: sample_146
 
Result: ['tests_pass']
Checking transformation add_scipy
*Running tests for: sample_146
 
Result: ['tests_pass']
Checking transformation add_base64
*Running tests for: sample_146
 
Result: ['tests_pass']
Checking transformation add_dateutil
*Running tests for: sample_146
 
Result: ['tests_pass']
The file 'reasoning_transformation_cruxeval/CRUXEval/e1f735e05ec0002c7d6ed7d62be776995bf4ddf4/Transformation/sample_146.py' has been formatted successfully.
Checking reasoning_transformation_cruxeval/CRUXEval/e1f735e05ec0002c7d6ed7d62be776995bf4ddf4/Transformation/sample_146.py
*Running tests for: sample_146
 
Result: ['tests_pass']
{ 'applicable_rules': [ 'change_var_names',
                        'add_nested_for_out',
                        'add_try_except_inside_functions',
                        'add_else_to_for',
                        'add_nested_list',
                        'transform_range_to_recursion',
                        'add_datetime',
                        'add_time',
                        'add_crypto',
                        'add_sklearn',
                        'create_functions',
                        'add_decorator',
                        'add_http',
                        'add_scipy',
                        'add_base64',
                        'add_dateutil'],
  'diff_output': 'reasoning_transformation_cruxeval/CRUXEval/e1f735e05ec0002c7d6ed7d62be776995bf4ddf4/Transformation/sample_146.patch',
  'evaluation_tests_dir': '/home/yang/Benchmark/dataset/cruxeval/',
  'exception': None,
  'file_id': 'sample_146',
  'genetic_algorithm': None,
  'original_code': 'def f(single_digit):\n'
                   '    result = []\n'
                   '    for c in range(1, 11):\n'
                   '        if c != single_digit:\n'
                   '            result.append(c)\n'
                   '    return result',
  'patch_path': 'reasoning_transformation_cruxeval/CRUXEval/e1f735e05ec0002c7d6ed7d62be776995bf4ddf4/Transformation/sample_146.patch',
  'single_rule': None,
  'source_file': '/home/yang/Benchmark/dataset/cruxeval/code//sample_146.py',
  'target_file': 'reasoning_transformation_cruxeval/CRUXEval/e1f735e05ec0002c7d6ed7d62be776995bf4ddf4/Transformation/sample_146.py',
  'test_results_after': ['tests_pass'],
  'test_results_before': ['tests_pass'],
  'total_time': 6.714854,
  'transformed_code': 'from dateutil.parser import parse\n'
                      'import base64\n'
                      'from scipy.stats import ttest_ind\n'
                      'from http.client import HTTPConnection\n'
                      '\n'
                      'def my_decorator(func):\n'
                      '\n'
                      '    def dec_result(*args, **kwargs):\n'
                      '        res = func(*args, **kwargs)\n'
                      '        return res\n'
                      "    parse('2024-10-19 21:57:53')\n"
                      '    ttest_ind([39, 28, 17], [67, 77, 14])\n'
                      '    return dec_result\n'
                      '\n'
                      '@my_decorator\n'
                      'def newFunc_BinOp0(a, b):\n'
                      "    HTTPConnection('google.com', port=80)\n"
                      '    return a // b\n'
                      'from sklearn.utils import shuffle\n'
                      'from cryptography.fernet import Fernet\n'
                      'import time\n'
                      'import datetime\n'
                      '\n'
                      'def f(single_digit):\n'
                      '    time.sleep(0.25)\n'
                      '    shuffle([18, 45, 3])\n'
                      '    Fernet.generate_key()\n'
                      '    datetime.datetime.now()\n'
                      "    base64.b64encode(b'92188953041364002216')\n"
                      '    try:\n'
                      '        result = [[]][0]\n'
                      '        LoopChecker13 = 409\n'
                      '        LoopChecker23 = 408\n'
                      '        for LoopIndexOut in '
                      'range(newFunc_BinOp0(LoopChecker13, LoopChecker23)):\n'
                      '\n'
                      '            def loop_7_12(newc_1, stop, step):\n'
                      '                if step == 0 or (step > 0 and newc_1 >= '
                      'stop) or (step < 0 and newc_1 <= stop):\n'
                      '                    return\n'
                      '                if newc_1 != single_digit:\n'
                      '                    result.append(newc_1)\n'
                      '                loop_7_12(newc_1 + step, stop, step)\n'
                      '            loop_7_12(1, 11, 1)\n'
                      '        else:\n'
                      '            pass\n'
                      '        return result\n'
                      '    except:\n'
                      '        pass'}
[END] processing file: sample_146. Total Time: 6.714854
END AT 2024-10-19 21:57:55.141793
