STARTING AT 2024-10-19 22:12:38.940884
[START] processing file: sample_26
*Running tests for: sample_26
 
Result: ['tests_pass']
tests_pass sample_26 /home/yang/Benchmark/dataset/cruxeval/code//sample_26.py
Apply all rules on a single file.
Checking transformation add_nested_for_out
*Running tests for: sample_26
 
Result: ['tests_pass']
Checking transformation add_nested_if
*Running tests for: sample_26
 
Result: ['tests_pass']
Checking transformation add_nested_list
*Running tests for: sample_26
 
Result: ['tests_pass']
Checking transformation transform_range_to_recursion
*Running tests for: sample_26
 Traceback (most recent call last):
  File "/home/yang/Benchmark/.tmp_test/tmp_test.pysample_26", line 22, in <module>
    assert f("qy. dg. rnvprt rse.. irtwv tx..", "wtwdoacb") == 'error'
AssertionError

output_actual, stderr_data: ('', b'Traceback (most recent call last):\n  File "/home/yang/Benchmark/.tmp_test/tmp_test.pysample_26", line 22, in <module>\n    assert f("qy. dg. rnvprt rse.. irtwv tx..", "wtwdoacb") == \'error\'\nAssertionError\n')
Result: ['error_or_timeout']
Drop transform_range_to_recursion due to ['error_or_timeout']
Checking transformation add_datetime
*Running tests for: sample_26
 
Result: ['tests_pass']
Checking transformation add_time
*Running tests for: sample_26
 
Result: ['tests_pass']
def newFunc_36234(arg0, arg1):
    return arg0 + arg1
Checking transformation create_functions
*Running tests for: sample_26
 
Result: ['tests_pass']
Checking transformation add_decorator
*Running tests for: sample_26
 
Result: ['tests_pass']
Checking transformation add_http
*Running tests for: sample_26
 
Result: ['tests_pass']
Checking transformation add_scipy
*Running tests for: sample_26
 
Result: ['tests_pass']
Checking transformation add_base64
*Running tests for: sample_26
 
Result: ['tests_pass']
Checking transformation add_dateutil
*Running tests for: sample_26
 
Result: ['tests_pass']
The file 'reasoning_transformation_cruxeval/CRUXEval/e1f735e05ec0002c7d6ed7d62be776995bf4ddf4/Transformation/sample_26.py' has been formatted successfully.
Checking reasoning_transformation_cruxeval/CRUXEval/e1f735e05ec0002c7d6ed7d62be776995bf4ddf4/Transformation/sample_26.py
*Running tests for: sample_26
 
Result: ['tests_pass']
{ 'applicable_rules': [ 'change_var_names',
                        'add_nested_for_out',
                        'add_nested_if',
                        'add_try_except_inside_functions',
                        'add_else_to_for',
                        'add_nested_list',
                        'add_datetime',
                        'add_time',
                        'add_crypto',
                        'add_sklearn',
                        'create_functions',
                        'add_decorator',
                        'add_http',
                        'add_scipy',
                        'add_base64',
                        'add_dateutil'],
  'diff_output': 'reasoning_transformation_cruxeval/CRUXEval/e1f735e05ec0002c7d6ed7d62be776995bf4ddf4/Transformation/sample_26.patch',
  'evaluation_tests_dir': '/home/yang/Benchmark/dataset/cruxeval/',
  'exception': None,
  'file_id': 'sample_26',
  'genetic_algorithm': None,
  'original_code': 'def f(items, target):\n'
                   '    for i in items.split():\n'
                   '        if i in target:\n'
                   '            return items.index(i) + 1\n'
                   "        if i.index('.') == len(i) - 1 or i.index('.') == "
                   '0:\n'
                   "            return 'error'\n"
                   "    return '.'",
  'patch_path': 'reasoning_transformation_cruxeval/CRUXEval/e1f735e05ec0002c7d6ed7d62be776995bf4ddf4/Transformation/sample_26.patch',
  'single_rule': None,
  'source_file': '/home/yang/Benchmark/dataset/cruxeval/code//sample_26.py',
  'target_file': 'reasoning_transformation_cruxeval/CRUXEval/e1f735e05ec0002c7d6ed7d62be776995bf4ddf4/Transformation/sample_26.py',
  'test_results_after': ['tests_pass'],
  'test_results_before': ['tests_pass'],
  'total_time': 5.25108,
  'transformed_code': 'from dateutil.parser import parse\n'
                      'import base64\n'
                      'from scipy.stats import ttest_ind\n'
                      'from http.client import HTTPConnection\n'
                      '\n'
                      'def my_decorator(func):\n'
                      '\n'
                      '    def dec_result(*args, **kwargs):\n'
                      '        res = func(*args, **kwargs)\n'
                      '        return res\n'
                      "    parse('2024-10-19 22:12:42')\n"
                      '    return dec_result\n'
                      '\n'
                      '@my_decorator\n'
                      'def newFunc_36234(arg0, arg1):\n'
                      '    return arg0 + arg1\n'
                      'from sklearn.utils import shuffle\n'
                      'from cryptography.fernet import Fernet\n'
                      'import time\n'
                      'import datetime\n'
                      '\n'
                      'def f(items, target):\n'
                      '    time.sleep(0.04)\n'
                      "    base64.b64encode(b'21770877439171826940')\n"
                      '    datetime.datetime.now()\n'
                      '    ttest_ind([84, 83, 5], [92, 91, 2])\n'
                      "    HTTPConnection('google.com', port=80)\n"
                      '    shuffle([58, 81, 64])\n'
                      '    Fernet.generate_key()\n'
                      '    try:\n'
                      '        LoopChecker12 = [860][0]\n'
                      '        LoopChecker22 = 859\n'
                      '        ConditionChecker16 = 991\n'
                      '        ConditionChecker26 = 823\n'
                      '        for LoopIndexOut in range(LoopChecker12 // '
                      'LoopChecker22):\n'
                      '            for newi_1 in items.split():\n'
                      '                if ConditionChecker16 & '
                      'ConditionChecker26:\n'
                      '                    if newi_1 in target:\n'
                      '                        return '
                      'newFunc_36234(items.index(newi_1), 1)\n'
                      "                if newi_1.index('.') == len(newi_1) - 1 "
                      "or newi_1.index('.') == 0:\n"
                      "                    return 'error'\n"
                      '        else:\n'
                      '            pass\n'
                      "        return '.'\n"
                      '    except:\n'
                      '        pass'}
[END] processing file: sample_26. Total Time: 5.25108
END AT 2024-10-19 22:12:44.193510
