STARTING AT 2024-10-19 22:44:44.904415
[START] processing file: sample_551
*Running tests for: sample_551
 
Result: ['tests_pass']
tests_pass sample_551 /home/yang/Benchmark/dataset/cruxeval/code//sample_551.py
Apply all rules on a single file.
Checking transformation add_nested_for_out
*Running tests for: sample_551
 
Result: ['tests_pass']
Checking transformation add_nested_if
*Running tests for: sample_551
 
Result: ['tests_pass']
Checking transformation add_nested_list
*Running tests for: sample_551
 
Result: ['tests_pass']
Checking transformation transform_range_to_recursion
*Running tests for: sample_551
 
Result: ['tests_pass']
Checking transformation replace_with_numpy
*Running tests for: sample_551
 Traceback (most recent call last):
  File "/home/yang/Benchmark/.tmp_test/tmp_test.pysample_551", line 24, in <module>
    assert f({'inf': ['a', 'b'], 'a': ["inf", "c"], 'd': ["inf"]}) == ['a', 'b', 'c', 'inf']
ValueError: The truth value of an array with more than one element is ambiguous. Use a.any() or a.all()

output_actual, stderr_data: ('', b'Traceback (most recent call last):\n  File "/home/yang/Benchmark/.tmp_test/tmp_test.pysample_551", line 24, in <module>\n    assert f({\'inf\': [\'a\', \'b\'], \'a\': ["inf", "c"], \'d\': ["inf"]}) == [\'a\', \'b\', \'c\', \'inf\']\nValueError: The truth value of an array with more than one element is ambiguous. Use a.any() or a.all()\n')
Result: ['error_or_timeout']
Drop replace_with_numpy due to ['error_or_timeout']
Checking transformation add_datetime
*Running tests for: sample_551
 
Result: ['tests_pass']
Checking transformation add_time
*Running tests for: sample_551
 
Result: ['tests_pass']
Checking transformation create_functions
*Running tests for: sample_551
 
Result: ['tests_pass']
Checking transformation add_decorator
*Running tests for: sample_551
 
Result: ['tests_pass']
Checking transformation add_http
*Running tests for: sample_551
 
Result: ['tests_pass']
Checking transformation add_scipy
*Running tests for: sample_551
 
Result: ['tests_pass']
Checking transformation add_base64
*Running tests for: sample_551
 
Result: ['tests_pass']
Checking transformation add_dateutil
*Running tests for: sample_551
 
Result: ['tests_pass']
The file 'reasoning_transformation_cruxeval/CRUXEval/e1f735e05ec0002c7d6ed7d62be776995bf4ddf4/Transformation/sample_551.py' has been formatted successfully.
Checking reasoning_transformation_cruxeval/CRUXEval/e1f735e05ec0002c7d6ed7d62be776995bf4ddf4/Transformation/sample_551.py
*Running tests for: sample_551
 
Result: ['tests_pass']
{ 'applicable_rules': [ 'change_var_names',
                        'add_nested_for_out',
                        'add_nested_if',
                        'add_try_except_inside_functions',
                        'add_else_to_for',
                        'add_nested_list',
                        'transform_range_to_recursion',
                        'add_datetime',
                        'add_time',
                        'add_crypto',
                        'add_sklearn',
                        'create_functions',
                        'add_decorator',
                        'add_http',
                        'add_scipy',
                        'add_base64',
                        'add_dateutil'],
  'diff_output': 'reasoning_transformation_cruxeval/CRUXEval/e1f735e05ec0002c7d6ed7d62be776995bf4ddf4/Transformation/sample_551.patch',
  'evaluation_tests_dir': '/home/yang/Benchmark/dataset/cruxeval/',
  'exception': None,
  'file_id': 'sample_551',
  'genetic_algorithm': None,
  'original_code': 'def f(data):\n'
                   '    members = []\n'
                   '    for item in data:\n'
                   '        for member in data[item]:\n'
                   '            if member not in members:\n'
                   '                members.append(member)\n'
                   '    return sorted(members)',
  'patch_path': 'reasoning_transformation_cruxeval/CRUXEval/e1f735e05ec0002c7d6ed7d62be776995bf4ddf4/Transformation/sample_551.patch',
  'single_rule': None,
  'source_file': '/home/yang/Benchmark/dataset/cruxeval/code//sample_551.py',
  'target_file': 'reasoning_transformation_cruxeval/CRUXEval/e1f735e05ec0002c7d6ed7d62be776995bf4ddf4/Transformation/sample_551.py',
  'test_results_after': ['tests_pass'],
  'test_results_before': ['tests_pass'],
  'total_time': 6.221131,
  'transformed_code': 'from dateutil.parser import parse\n'
                      'import base64\n'
                      'from scipy.stats import ttest_ind\n'
                      'from http.client import HTTPConnection\n'
                      '\n'
                      'def my_decorator(func):\n'
                      "    HTTPConnection('google.com', port=80)\n"
                      '    ttest_ind([100, 1, 24], [35, 90, 6])\n'
                      '\n'
                      '    def dec_result(*args, **kwargs):\n'
                      '        res = func(*args, **kwargs)\n'
                      '        return res\n'
                      "    parse('2024-10-19 22:44:49')\n"
                      '    return dec_result\n'
                      '\n'
                      '@my_decorator\n'
                      'def newFunc_BinOp0(a, b):\n'
                      '    return a & b\n'
                      'from sklearn.utils import shuffle\n'
                      'from cryptography.fernet import Fernet\n'
                      'import time\n'
                      'import datetime\n'
                      '\n'
                      'def f(data):\n'
                      "    base64.b64encode(b'86752361711139952305')\n"
                      '    datetime.datetime.now()\n'
                      '    time.sleep(0.16)\n'
                      '    shuffle([23, 90, 50])\n'
                      '    Fernet.generate_key()\n'
                      '    try:\n'
                      '        members = [[]][0]\n'
                      '        LoopChecker13 = 567\n'
                      '        LoopChecker23 = 566\n'
                      '        ConditionChecker18 = 143\n'
                      '        ConditionChecker28 = 312\n'
                      '\n'
                      '        def loop_8_8(LoopIndexOut, stop, step):\n'
                      '            if step == 0 or (step > 0 and LoopIndexOut '
                      '>= stop) or (step < 0 and LoopIndexOut <= stop):\n'
                      '                return\n'
                      '            for item in data:\n'
                      '                for newmember_1 in data[item]:\n'
                      '                    if '
                      'newFunc_BinOp0(ConditionChecker18, '
                      'ConditionChecker28):\n'
                      '                        if newmember_1 not in members:\n'
                      '                            '
                      'members.append(newmember_1)\n'
                      '            loop_8_8(LoopIndexOut + step, stop, step)\n'
                      '        loop_8_8(0, LoopChecker13 // LoopChecker23, 1)\n'
                      '        return sorted(members)\n'
                      '    except:\n'
                      '        pass'}
[END] processing file: sample_551. Total Time: 6.221131
END AT 2024-10-19 22:44:51.127763
