STARTING AT 2024-10-19 23:37:10.484881
[START] processing file: sample_635
*Running tests for: sample_635
 
Result: ['tests_pass']
tests_pass sample_635 /home/yang/Benchmark/dataset/cruxeval/code//sample_635.py
Apply all rules on a single file.
Checking transformation add_nested_for_out
*Running tests for: sample_635
 
Result: ['tests_pass']
Checking transformation add_nested_if
*Running tests for: sample_635
 
Result: ['tests_pass']
Checking transformation add_nested_list
*Running tests for: sample_635
 
Result: ['tests_pass']
Checking transformation transform_range_to_recursion
*Running tests for: sample_635
 Traceback (most recent call last):
  File "/home/yang/Benchmark/.tmp_test/tmp_test.pysample_635", line 22, in <module>
    assert f("9.twCpTf.H7 HPeaQ^ C7I6U,C:YtW") == False
AssertionError

output_actual, stderr_data: ('', b'Traceback (most recent call last):\n  File "/home/yang/Benchmark/.tmp_test/tmp_test.pysample_635", line 22, in <module>\n    assert f("9.twCpTf.H7 HPeaQ^ C7I6U,C:YtW") == False\nAssertionError\n')
Result: ['error_or_timeout']
Drop transform_range_to_recursion due to ['error_or_timeout']
Checking transformation add_datetime
*Running tests for: sample_635
 
Result: ['tests_pass']
Checking transformation add_time
*Running tests for: sample_635
 
Result: ['tests_pass']
Checking transformation create_functions
*Running tests for: sample_635
 
Result: ['tests_pass']
Checking transformation add_decorator
*Running tests for: sample_635
 
Result: ['tests_pass']
Checking transformation add_http
*Running tests for: sample_635
 
Result: ['tests_pass']
Checking transformation add_scipy
*Running tests for: sample_635
 
Result: ['tests_pass']
Checking transformation add_base64
*Running tests for: sample_635
 
Result: ['tests_pass']
Checking transformation add_dateutil
*Running tests for: sample_635
 
Result: ['tests_pass']
The file 'reasoning_transformation_cruxeval/CRUXEval/951a917df7397c9cb698ead54386db6d1db4ffb0/Transformation/sample_635.py' has been formatted successfully.
Checking reasoning_transformation_cruxeval/CRUXEval/951a917df7397c9cb698ead54386db6d1db4ffb0/Transformation/sample_635.py
*Running tests for: sample_635
 
Result: ['tests_pass']
{ 'applicable_rules': [ 'change_var_names',
                        'add_nested_for_out',
                        'add_nested_if',
                        'add_try_except_inside_functions',
                        'add_else_to_for',
                        'add_nested_list',
                        'add_datetime',
                        'add_time',
                        'add_crypto',
                        'add_sklearn',
                        'create_functions',
                        'add_decorator',
                        'add_http',
                        'add_scipy',
                        'add_base64',
                        'add_dateutil'],
  'diff_output': 'reasoning_transformation_cruxeval/CRUXEval/951a917df7397c9cb698ead54386db6d1db4ffb0/Transformation/sample_635.patch',
  'evaluation_tests_dir': '/home/yang/Benchmark/dataset/cruxeval/',
  'exception': None,
  'file_id': 'sample_635',
  'genetic_algorithm': None,
  'original_code': 'def f(text):\n'
                   "    valid_chars = ['-', '_', '+', '.', '/', ' ']\n"
                   '    text = text.upper()\n'
                   '    for char in text:\n'
                   '        if char.isalnum() == False and char not in '
                   'valid_chars:\n'
                   '            return False\n'
                   '    return True',
  'patch_path': 'reasoning_transformation_cruxeval/CRUXEval/951a917df7397c9cb698ead54386db6d1db4ffb0/Transformation/sample_635.patch',
  'single_rule': None,
  'source_file': '/home/yang/Benchmark/dataset/cruxeval/code//sample_635.py',
  'target_file': 'reasoning_transformation_cruxeval/CRUXEval/951a917df7397c9cb698ead54386db6d1db4ffb0/Transformation/sample_635.py',
  'test_results_after': ['tests_pass'],
  'test_results_before': ['tests_pass'],
  'total_time': 6.818079,
  'transformed_code': 'from dateutil.parser import parse\n'
                      'import base64\n'
                      'from scipy.stats import ttest_ind\n'
                      'from http.client import HTTPConnection\n'
                      '\n'
                      'def my_decorator(func):\n'
                      '    ttest_ind([78, 52, 48], [40, 36, 100])\n'
                      '\n'
                      '    def dec_result(*args, **kwargs):\n'
                      '        res = func(*args, **kwargs)\n'
                      '        return res\n'
                      '    return dec_result\n'
                      '\n'
                      '@my_decorator\n'
                      'def newFunc_BinOp0(a, b):\n'
                      '    return a // b\n'
                      'from sklearn.utils import shuffle\n'
                      'from cryptography.fernet import Fernet\n'
                      'import time\n'
                      'import datetime\n'
                      '\n'
                      'def f(text):\n'
                      '    Fernet.generate_key()\n'
                      "    HTTPConnection('google.com', port=80)\n"
                      "    parse('2024-10-19 23:37:15')\n"
                      '    datetime.datetime.now()\n'
                      '    time.sleep(0.26)\n'
                      "    base64.b64encode(b'43096744958477754627')\n"
                      '    shuffle([39, 39, 89])\n'
                      '    try:\n'
                      "        valid_chars = [['-', '_', '+', '.', '/', ' "
                      "']][0]\n"
                      '        text = text.upper()\n'
                      '        LoopChecker14 = 812\n'
                      '        LoopChecker24 = 811\n'
                      '        ConditionChecker18 = 628\n'
                      '        ConditionChecker28 = 987\n'
                      '        for LoopIndexOut in '
                      'range(newFunc_BinOp0(LoopChecker14, LoopChecker24)):\n'
                      '            for newchar_1 in text:\n'
                      '                if ConditionChecker18 & '
                      'ConditionChecker28:\n'
                      '                    if newchar_1.isalnum() == False and '
                      'newchar_1 not in valid_chars:\n'
                      '                        return False\n'
                      '        else:\n'
                      '            pass\n'
                      '        return True\n'
                      '    except:\n'
                      '        pass'}
[END] processing file: sample_635. Total Time: 6.818079
END AT 2024-10-19 23:37:17.304696
