STARTING AT 2024-10-19 23:43:07.045170
[START] processing file: sample_97
*Running tests for: sample_97
 
Result: ['tests_pass']
tests_pass sample_97 /home/yang/Benchmark/dataset/cruxeval/code//sample_97.py
Apply all rules on a single file.
Checking transformation add_nested_for_out
*Running tests for: sample_97
 
Result: ['tests_pass']
Checking transformation add_nested_if
*Running tests for: sample_97
 
Result: ['tests_pass']
Checking transformation add_nested_list
*Running tests for: sample_97
 
Result: ['tests_pass']
Checking transformation transform_range_to_recursion
*Running tests for: sample_97
 Traceback (most recent call last):
  File "/home/yang/Benchmark/.tmp_test/tmp_test.pysample_97", line 22, in <module>
    assert f([2, 0]) == True
AssertionError

output_actual, stderr_data: ('', b'Traceback (most recent call last):\n  File "/home/yang/Benchmark/.tmp_test/tmp_test.pysample_97", line 22, in <module>\n    assert f([2, 0]) == True\nAssertionError\n')
Result: ['error_or_timeout']
Drop transform_range_to_recursion due to ['error_or_timeout']
Checking transformation add_datetime
*Running tests for: sample_97
 
Result: ['tests_pass']
Checking transformation add_time
*Running tests for: sample_97
 
Result: ['tests_pass']
Checking transformation create_functions
*Running tests for: sample_97
 
Result: ['tests_pass']
Checking transformation add_decorator
*Running tests for: sample_97
 
Result: ['tests_pass']
Checking transformation add_http
*Running tests for: sample_97
 
Result: ['tests_pass']
Checking transformation add_scipy
*Running tests for: sample_97
 
Result: ['tests_pass']
Checking transformation add_base64
*Running tests for: sample_97
 
Result: ['tests_pass']
Checking transformation add_dateutil
*Running tests for: sample_97
 
Result: ['tests_pass']
The file 'reasoning_transformation_cruxeval/CRUXEval/951a917df7397c9cb698ead54386db6d1db4ffb0/Transformation/sample_97.py' has been formatted successfully.
Checking reasoning_transformation_cruxeval/CRUXEval/951a917df7397c9cb698ead54386db6d1db4ffb0/Transformation/sample_97.py
*Running tests for: sample_97
 
Result: ['tests_pass']
{ 'applicable_rules': [ 'change_var_names',
                        'add_nested_for_out',
                        'add_nested_if',
                        'add_try_except_inside_functions',
                        'add_else_to_for',
                        'add_nested_list',
                        'add_datetime',
                        'add_time',
                        'add_crypto',
                        'add_sklearn',
                        'create_functions',
                        'add_decorator',
                        'add_http',
                        'add_scipy',
                        'add_base64',
                        'add_dateutil'],
  'diff_output': 'reasoning_transformation_cruxeval/CRUXEval/951a917df7397c9cb698ead54386db6d1db4ffb0/Transformation/sample_97.patch',
  'evaluation_tests_dir': '/home/yang/Benchmark/dataset/cruxeval/',
  'exception': None,
  'file_id': 'sample_97',
  'genetic_algorithm': None,
  'original_code': 'def f(lst):\n'
                   '    lst.clear()\n'
                   '    for i in lst:\n'
                   '        if i == 3:\n'
                   '            return False\n'
                   '    else:\n'
                   '        return True',
  'patch_path': 'reasoning_transformation_cruxeval/CRUXEval/951a917df7397c9cb698ead54386db6d1db4ffb0/Transformation/sample_97.patch',
  'single_rule': None,
  'source_file': '/home/yang/Benchmark/dataset/cruxeval/code//sample_97.py',
  'target_file': 'reasoning_transformation_cruxeval/CRUXEval/951a917df7397c9cb698ead54386db6d1db4ffb0/Transformation/sample_97.py',
  'test_results_after': ['tests_pass'],
  'test_results_before': ['tests_pass'],
  'total_time': 6.475956,
  'transformed_code': 'from dateutil.parser import parse\n'
                      'import base64\n'
                      'from scipy.stats import ttest_ind\n'
                      'from http.client import HTTPConnection\n'
                      '\n'
                      'def my_decorator(func):\n'
                      "    HTTPConnection('google.com', port=80)\n"
                      '\n'
                      '    def dec_result(*args, **kwargs):\n'
                      '        res = func(*args, **kwargs)\n'
                      '        return res\n'
                      '    return dec_result\n'
                      '\n'
                      '@my_decorator\n'
                      'def newFunc_BinOp0(a, b):\n'
                      "    parse('2024-10-19 23:43:11')\n"
                      '    ttest_ind([15, 52, 21], [7, 30, 4])\n'
                      '    return a // b\n'
                      'from sklearn.utils import shuffle\n'
                      'from cryptography.fernet import Fernet\n'
                      'import time\n'
                      'import datetime\n'
                      '\n'
                      'def f(lst):\n'
                      "    base64.b64encode(b'74510789359835129286')\n"
                      '    time.sleep(0.22)\n'
                      '    Fernet.generate_key()\n'
                      '    shuffle([80, 92, 4])\n'
                      '    datetime.datetime.now()\n'
                      '    try:\n'
                      '        lst.clear()\n'
                      '        LoopChecker13 = [116][0]\n'
                      '        LoopChecker23 = 115\n'
                      '        ConditionChecker17 = 47\n'
                      '        ConditionChecker27 = 612\n'
                      '        for LoopIndexOut in '
                      'range(newFunc_BinOp0(LoopChecker13, LoopChecker23)):\n'
                      '            for newi_1 in lst:\n'
                      '                if ConditionChecker17 & '
                      'ConditionChecker27:\n'
                      '                    if newi_1 == 3:\n'
                      '                        return False\n'
                      '            else:\n'
                      '                return True\n'
                      '        else:\n'
                      '            pass\n'
                      '    except:\n'
                      '        pass'}
[END] processing file: sample_97. Total Time: 6.475956
END AT 2024-10-19 23:43:13.522812
