STARTING AT 2024-10-15 01:52:50.690729
[START] processing file: ClassEval_15
*Running tests for: ClassEval_15
................
----------------------------------------------------------------------
Ran 16 tests in 0.000s

OK

Result: ['tests_pass']
tests_pass ClassEval_15 /home/yang/Benchmark/dataset/classeval/code//ClassEval_15.py
Apply all rules on a single file.
Checking transformation add_nested_for_out
*Running tests for: ClassEval_15
................
----------------------------------------------------------------------
Ran 16 tests in 0.000s

OK

Result: ['tests_pass']
Checking transformation add_nested_if
*Running tests for: ClassEval_15
................
----------------------------------------------------------------------
Ran 16 tests in 0.000s

OK

Result: ['tests_pass']
Checking transformation add_nested_list
*Running tests for: ClassEval_15
................
----------------------------------------------------------------------
Ran 16 tests in 0.000s

OK

Result: ['tests_pass']
Checking transformation transform_range_to_recursion
*Running tests for: ClassEval_15
.....FFFF.......
======================================================================
FAIL: test_main (__main__.BoyerMooreSearchTestMain)
----------------------------------------------------------------------
Traceback (most recent call last):
  File "/home/yang/Benchmark/.tmp_test/tmp_test.py", line 112, in test_main
    self.assertEqual(boyerMooreSearch.match_in_pattern("A"), 0)
AssertionError: -1 != 0

======================================================================
FAIL: test_match_in_pattern (__main__.BoyerMooreSearchTestMatchInPattern)
----------------------------------------------------------------------
Traceback (most recent call last):
  File "/home/yang/Benchmark/.tmp_test/tmp_test.py", line 47, in test_match_in_pattern
    self.assertEqual(boyerMooreSearch.match_in_pattern("A"), 0)
AssertionError: -1 != 0

======================================================================
FAIL: test_match_in_pattern_2 (__main__.BoyerMooreSearchTestMatchInPattern)
----------------------------------------------------------------------
Traceback (most recent call last):
  File "/home/yang/Benchmark/.tmp_test/tmp_test.py", line 51, in test_match_in_pattern_2
    self.assertEqual(boyerMooreSearch.match_in_pattern("B"), 3)
AssertionError: -1 != 3

======================================================================
FAIL: test_match_in_pattern_3 (__main__.BoyerMooreSearchTestMatchInPattern)
----------------------------------------------------------------------
Traceback (most recent call last):
  File "/home/yang/Benchmark/.tmp_test/tmp_test.py", line 55, in test_match_in_pattern_3
    self.assertEqual(boyerMooreSearch.match_in_pattern("C"), 5)
AssertionError: -1 != 5

----------------------------------------------------------------------
Ran 16 tests in 0.001s

FAILED (failures=4)

Result: ['failure']
Drop transform_range_to_recursion due to ['failure']
Checking transformation add_decorator
*Running tests for: ClassEval_15
................
----------------------------------------------------------------------
Ran 16 tests in 0.000s

OK

Result: ['tests_pass']
Checking transformation add_datetime
*Running tests for: ClassEval_15
................
----------------------------------------------------------------------
Ran 16 tests in 0.000s

OK

Result: ['tests_pass']
Checking transformation add_time
*Running tests for: ClassEval_15
................
----------------------------------------------------------------------
Ran 16 tests in 0.000s

OK

Result: ['tests_pass']
Checking transformation create_functions
*Running tests for: ClassEval_15
................
----------------------------------------------------------------------
Ran 16 tests in 0.007s

OK

Result: ['tests_pass']
Checking transformation add_http
*Running tests for: ClassEval_15
................
----------------------------------------------------------------------
Ran 16 tests in 0.008s

OK

Result: ['tests_pass']
Checking transformation add_scipy
*Running tests for: ClassEval_15
................
----------------------------------------------------------------------
Ran 16 tests in 0.036s

OK

Result: ['tests_pass']
Checking transformation add_base64
*Running tests for: ClassEval_15
................
----------------------------------------------------------------------
Ran 16 tests in 0.027s

OK

Result: ['tests_pass']
Checking transformation add_dateutil
*Running tests for: ClassEval_15
................
----------------------------------------------------------------------
Ran 16 tests in 0.029s

OK

Result: ['tests_pass']
The file 'reasoning_transformation_classeval/ClassEval/3ad1e93cfed65451f71dd1d0768a262e7e4afa36/Transformation/ClassEval_15.py' has been formatted successfully.
Checking reasoning_transformation_classeval/ClassEval/3ad1e93cfed65451f71dd1d0768a262e7e4afa36/Transformation/ClassEval_15.py
*Running tests for: ClassEval_15
................
----------------------------------------------------------------------
Ran 16 tests in 0.031s

OK

Result: ['tests_pass']
{ 'applicable_rules': [ 'change_var_names',
                        'add_nested_for_out',
                        'add_nested_if',
                        'add_else_to_for',
                        'add_nested_list',
                        'add_decorator',
                        'add_datetime',
                        'add_time',
                        'add_crypto',
                        'add_sklearn',
                        'create_functions',
                        'add_http',
                        'add_scipy',
                        'add_base64',
                        'add_dateutil'],
  'diff_output': 'reasoning_transformation_classeval/ClassEval/3ad1e93cfed65451f71dd1d0768a262e7e4afa36/Transformation/ClassEval_15.patch',
  'evaluation_tests_dir': '/home/yang/Benchmark/dataset/classeval/',
  'exception': None,
  'file_id': 'ClassEval_15',
  'genetic_algorithm': None,
  'original_code': 'class BoyerMooreSearch:\n'
                   '\n'
                   '    def __init__(self, text, pattern):\n'
                   '        (self.text, self.pattern) = (text, pattern)\n'
                   '        (self.textLen, self.patLen) = (len(text), '
                   'len(pattern))\n'
                   '\n'
                   '    def match_in_pattern(self, char):\n'
                   '        for i in range(self.patLen - 1, -1, -1):\n'
                   '            if char == self.pattern[i]:\n'
                   '                return i\n'
                   '        return -1\n'
                   '\n'
                   '    def mismatch_in_text(self, currentPos):\n'
                   '        for i in range(self.patLen - 1, -1, -1):\n'
                   '            if self.pattern[i] != self.text[currentPos + '
                   'i]:\n'
                   '                return currentPos + i\n'
                   '        return -1\n'
                   '\n'
                   '    def bad_character_heuristic(self):\n'
                   '        positions = []\n'
                   '        for i in range(self.textLen - self.patLen + 1):\n'
                   '            mismatch_index = self.mismatch_in_text(i)\n'
                   '            if mismatch_index == -1:\n'
                   '                positions.append(i)\n'
                   '            else:\n'
                   '                match_index = '
                   'self.match_in_pattern(self.text[mismatch_index])\n'
                   '                i = mismatch_index - match_index\n'
                   '        return positions',
  'patch_path': 'reasoning_transformation_classeval/ClassEval/3ad1e93cfed65451f71dd1d0768a262e7e4afa36/Transformation/ClassEval_15.patch',
  'single_rule': None,
  'source_file': '/home/yang/Benchmark/dataset/classeval/code//ClassEval_15.py',
  'target_file': 'reasoning_transformation_classeval/ClassEval/3ad1e93cfed65451f71dd1d0768a262e7e4afa36/Transformation/ClassEval_15.py',
  'test_results_after': ['tests_pass'],
  'test_results_before': ['tests_pass'],
  'total_time': 7.175796,
  'transformed_code': 'from dateutil.parser import parse\n'
                      'import base64\n'
                      'from scipy.stats import ttest_ind\n'
                      'from http.client import HTTPConnection\n'
                      '\n'
                      'def newFunc0_51(match_index, newmismatch_index_1):\n'
                      '    return newmismatch_index_1 - match_index\n'
                      'from sklearn.utils import shuffle\n'
                      'from cryptography.fernet import Fernet\n'
                      'import time\n'
                      'import datetime\n'
                      '\n'
                      'def my_decorator(func):\n'
                      '\n'
                      '    def dec_result(*args, **kwargs):\n'
                      '        res = func(*args, **kwargs)\n'
                      '        return res\n'
                      '    time.sleep(0.3)\n'
                      '    return dec_result\n'
                      '\n'
                      'class BoyerMooreSearch:\n'
                      '\n'
                      '    @my_decorator\n'
                      '    def __init__(self, text, pattern):\n'
                      '        shuffle([72, 100, 76])\n'
                      '        (self.text, self.pattern) = (text, pattern)\n'
                      '        (self.textLen, self.patLen) = (len(text), '
                      'len(pattern))\n'
                      '\n'
                      '    def match_in_pattern(self, char):\n'
                      '        Fernet.generate_key()\n'
                      '        LoopChecker18 = [358][0]\n'
                      '        ttest_ind([79, 12, 15], [32, 82, 48])\n'
                      '        LoopChecker28 = 357\n'
                      '        for LoopIndexOut in range(LoopChecker18 // '
                      'LoopChecker28):\n'
                      '            for i in range(self.patLen - 1, -1, -1):\n'
                      '                if char == self.pattern[i]:\n'
                      '                    return i\n'
                      '        else:\n'
                      '            pass\n'
                      '        return -1\n'
                      '\n'
                      '    def mismatch_in_text(self, currentPos):\n'
                      '        ConditionChecker118 = 769\n'
                      "        parse('2024-10-15 01:52:55')\n"
                      '        ConditionChecker218 = 892\n'
                      '        for i in range(self.patLen - 1, -1, -1):\n'
                      '            if ConditionChecker118 & '
                      'ConditionChecker218:\n'
                      '                if self.pattern[i] != '
                      'self.text[currentPos + i]:\n'
                      '                    return currentPos + i\n'
                      '        return -1\n'
                      '\n'
                      '    def bad_character_heuristic(self):\n'
                      '        positions = []\n'
                      "        HTTPConnection('google.com', port=80)\n"
                      "        base64.b64encode(b'17440136813018335593')\n"
                      '        for i in range(self.textLen - self.patLen + '
                      '1):\n'
                      '            newmismatch_index_1 = '
                      'self.mismatch_in_text(i)\n'
                      '            if newmismatch_index_1 == -1:\n'
                      '                positions.append(i)\n'
                      '            else:\n'
                      '                match_index = '
                      'self.match_in_pattern(self.text[newmismatch_index_1])\n'
                      '                i = newFunc0_51(match_index, '
                      'newmismatch_index_1)\n'
                      '        datetime.datetime.now()\n'
                      '        return positions'}
[END] processing file: ClassEval_15. Total Time: 7.175796
END AT 2024-10-15 01:52:57.869479
