STARTING AT 2024-10-15 02:07:10.791361
[START] processing file: ClassEval_4
*Running tests for: ClassEval_4
...............................
----------------------------------------------------------------------
Ran 31 tests in 0.001s

OK

Result: ['tests_pass']
tests_pass ClassEval_4 /home/yang/Benchmark/dataset/classeval/code//ClassEval_4.py
Apply all rules on a single file.
Checking transformation add_nested_for_out
*Running tests for: ClassEval_4
...............................
----------------------------------------------------------------------
Ran 31 tests in 0.001s

OK

Result: ['tests_pass']
Checking transformation add_nested_if
*Running tests for: ClassEval_4
...............................
----------------------------------------------------------------------
Ran 31 tests in 0.001s

OK

Result: ['tests_pass']
Checking transformation add_nested_list
*Running tests for: ClassEval_4
...............................
----------------------------------------------------------------------
Ran 31 tests in 0.001s

OK

Result: ['tests_pass']
Checking transformation transform_range_to_recursion
*Running tests for: ClassEval_4
...............................
----------------------------------------------------------------------
Ran 31 tests in 0.001s

OK

Result: ['tests_pass']
Checking transformation add_decorator
*Running tests for: ClassEval_4
...............................
----------------------------------------------------------------------
Ran 31 tests in 0.001s

OK

Result: ['tests_pass']
Checking transformation replace_with_numpy
*Running tests for: ClassEval_4
....................E...EEE.EEE
======================================================================
ERROR: test_get_gpa_1 (__main__.AssessmentSystemTestGetGPA)
----------------------------------------------------------------------
Traceback (most recent call last):
  File "/home/yang/Benchmark/.tmp_test/tmp_test.py", line 164, in test_get_gpa_1
    self.assertEqual(assessment_system.get_gpa("Alice"), 85.0)
  File "/home/yang/Benchmark/.tmp_test/tmp_test.py", line 28, in get_gpa
    return np.sum(np.array([self.students[name]['courses'].values()])) / len(self.students[name]['courses'])
TypeError: unsupported operand type(s) for /: 'dict_values' and 'int'

======================================================================
ERROR: test_get_gpa_5 (__main__.AssessmentSystemTestGetGPA)
----------------------------------------------------------------------
Traceback (most recent call last):
  File "/home/yang/Benchmark/.tmp_test/tmp_test.py", line 186, in test_get_gpa_5
    self.assertEqual(assessment_system.get_gpa('Alice'), 90.0)
  File "/home/yang/Benchmark/.tmp_test/tmp_test.py", line 28, in get_gpa
    return np.sum(np.array([self.students[name]['courses'].values()])) / len(self.students[name]['courses'])
TypeError: unsupported operand type(s) for /: 'dict_values' and 'int'

======================================================================
ERROR: test_get_top_student (__main__.AssessmentSystemTestGetTopStudent)
----------------------------------------------------------------------
Traceback (most recent call last):
  File "/home/yang/Benchmark/.tmp_test/tmp_test.py", line 285, in test_get_top_student
    self.assertEqual(assessment_system.get_top_student(), "Alice")
  File "/home/yang/Benchmark/.tmp_test/tmp_test.py", line 64, in get_top_student
    newgpa_1 = self.get_gpa(name)
  File "/home/yang/Benchmark/.tmp_test/tmp_test.py", line 28, in get_gpa
    return np.sum(np.array([self.students[name]['courses'].values()])) / len(self.students[name]['courses'])
TypeError: unsupported operand type(s) for /: 'dict_values' and 'int'

======================================================================
ERROR: test_get_top_student_2 (__main__.AssessmentSystemTestGetTopStudent)
----------------------------------------------------------------------
Traceback (most recent call last):
  File "/home/yang/Benchmark/.tmp_test/tmp_test.py", line 296, in test_get_top_student_2
    self.assertEqual(assessment_system.get_top_student(), "Bob")
  File "/home/yang/Benchmark/.tmp_test/tmp_test.py", line 64, in get_top_student
    newgpa_1 = self.get_gpa(name)
  File "/home/yang/Benchmark/.tmp_test/tmp_test.py", line 28, in get_gpa
    return np.sum(np.array([self.students[name]['courses'].values()])) / len(self.students[name]['courses'])
TypeError: unsupported operand type(s) for /: 'dict_values' and 'int'

======================================================================
ERROR: test_get_top_student_4 (__main__.AssessmentSystemTestGetTopStudent)
----------------------------------------------------------------------
Traceback (most recent call last):
  File "/home/yang/Benchmark/.tmp_test/tmp_test.py", line 312, in test_get_top_student_4
    self.assertEqual(assessment_system.get_top_student(), "Bob")
  File "/home/yang/Benchmark/.tmp_test/tmp_test.py", line 64, in get_top_student
    newgpa_1 = self.get_gpa(name)
  File "/home/yang/Benchmark/.tmp_test/tmp_test.py", line 28, in get_gpa
    return np.sum(np.array([self.students[name]['courses'].values()])) / len(self.students[name]['courses'])
TypeError: unsupported operand type(s) for /: 'dict_values' and 'int'

======================================================================
ERROR: test_get_top_student_5 (__main__.AssessmentSystemTestGetTopStudent)
----------------------------------------------------------------------
Traceback (most recent call last):
  File "/home/yang/Benchmark/.tmp_test/tmp_test.py", line 325, in test_get_top_student_5
    self.assertEqual(assessment_system.get_top_student(), "Bob")
  File "/home/yang/Benchmark/.tmp_test/tmp_test.py", line 64, in get_top_student
    newgpa_1 = self.get_gpa(name)
  File "/home/yang/Benchmark/.tmp_test/tmp_test.py", line 28, in get_gpa
    return np.sum(np.array([self.students[name]['courses'].values()])) / len(self.students[name]['courses'])
TypeError: unsupported operand type(s) for /: 'dict_values' and 'int'

======================================================================
ERROR: test_main (__main__.AssessmentSystemTestMain)
----------------------------------------------------------------------
Traceback (most recent call last):
  File "/home/yang/Benchmark/.tmp_test/tmp_test.py", line 350, in test_main
    self.assertEqual(system.get_gpa('student 1'), 82.0)
  File "/home/yang/Benchmark/.tmp_test/tmp_test.py", line 28, in get_gpa
    return np.sum(np.array([self.students[name]['courses'].values()])) / len(self.students[name]['courses'])
TypeError: unsupported operand type(s) for /: 'dict_values' and 'int'

----------------------------------------------------------------------
Ran 31 tests in 0.002s

FAILED (errors=7)

Result: ['failure']
Drop replace_with_numpy due to ['failure']
Checking transformation add_datetime
*Running tests for: ClassEval_4
...............................
----------------------------------------------------------------------
Ran 31 tests in 0.001s

OK

Result: ['tests_pass']
Checking transformation add_time
*Running tests for: ClassEval_4
...............................
----------------------------------------------------------------------
Ran 31 tests in 1.194s

OK

Result: ['tests_pass']
def newFunc_39561(arg0, arg1):
    return arg0 / arg1
Checking transformation create_functions
*Running tests for: ClassEval_4
...............................
----------------------------------------------------------------------
Ran 31 tests in 1.195s

OK

Result: ['tests_pass']
Checking transformation add_http
*Running tests for: ClassEval_4
...............................
----------------------------------------------------------------------
Ran 31 tests in 1.195s

OK

Result: ['tests_pass']
Checking transformation add_scipy
*Running tests for: ClassEval_4
...............................
----------------------------------------------------------------------
Ran 31 tests in 1.206s

OK

Result: ['tests_pass']
Checking transformation add_base64
*Running tests for: ClassEval_4
...............................
----------------------------------------------------------------------
Ran 31 tests in 1.207s

OK

Result: ['tests_pass']
Checking transformation add_dateutil
*Running tests for: ClassEval_4
...............................
----------------------------------------------------------------------
Ran 31 tests in 1.208s

OK

Result: ['tests_pass']
The file 'reasoning_transformation_classeval/ClassEval/3ad1e93cfed65451f71dd1d0768a262e7e4afa36/Transformation/ClassEval_4.py' has been formatted successfully.
Checking reasoning_transformation_classeval/ClassEval/3ad1e93cfed65451f71dd1d0768a262e7e4afa36/Transformation/ClassEval_4.py
*Running tests for: ClassEval_4
...............................
----------------------------------------------------------------------
Ran 31 tests in 1.206s

OK

Result: ['tests_pass']
{ 'applicable_rules': [ 'change_var_names',
                        'add_nested_for_out',
                        'add_nested_if',
                        'add_else_to_for',
                        'add_nested_list',
                        'transform_range_to_recursion',
                        'add_decorator',
                        'add_datetime',
                        'add_time',
                        'add_crypto',
                        'add_sklearn',
                        'create_functions',
                        'add_http',
                        'add_scipy',
                        'add_base64',
                        'add_dateutil',
                        'changing_AugAssign'],
  'diff_output': 'reasoning_transformation_classeval/ClassEval/3ad1e93cfed65451f71dd1d0768a262e7e4afa36/Transformation/ClassEval_4.patch',
  'evaluation_tests_dir': '/home/yang/Benchmark/dataset/classeval/',
  'exception': None,
  'file_id': 'ClassEval_4',
  'genetic_algorithm': None,
  'original_code': 'class AssessmentSystem:\n'
                   '\n'
                   '    def __init__(self):\n'
                   '        self.students = {}\n'
                   '\n'
                   '    def add_student(self, name, grade, major):\n'
                   "        self.students[name] = {'name': name, 'grade': "
                   "grade, 'major': major, 'courses': {}}\n"
                   '\n'
                   '    def add_course_score(self, name, course, score):\n'
                   '        if name in self.students:\n'
                   "            self.students[name]['courses'][course] = "
                   'score\n'
                   '\n'
                   '    def get_gpa(self, name):\n'
                   '        if name in self.students and '
                   "self.students[name]['courses']:\n"
                   '            return '
                   "sum(self.students[name]['courses'].values()) / "
                   "len(self.students[name]['courses'])\n"
                   '        else:\n'
                   '            return None\n'
                   '\n'
                   '    def get_all_students_with_fail_course(self):\n'
                   '        students = []\n'
                   '        for (name, student) in self.students.items():\n'
                   '            for (course, score) in '
                   "student['courses'].items():\n"
                   '                if score < 60:\n'
                   '                    students.append(name)\n'
                   '                    break\n'
                   '        return students\n'
                   '\n'
                   '    def get_course_average(self, course):\n'
                   '        total = 0\n'
                   '        count = 0\n'
                   '        for student in self.students.values():\n'
                   "            if course in student['courses']:\n"
                   "                score = student['courses'][course]\n"
                   '                if score is not None:\n'
                   '                    total += score\n'
                   '                    count += 1\n'
                   '        return total / count if count > 0 else None\n'
                   '\n'
                   '    def get_top_student(self):\n'
                   '        top_student = None\n'
                   '        top_gpa = 0\n'
                   '        for (name, student) in self.students.items():\n'
                   '            gpa = self.get_gpa(name)\n'
                   '            if gpa is not None and gpa > top_gpa:\n'
                   '                top_gpa = gpa\n'
                   '                top_student = name\n'
                   '        return top_student',
  'patch_path': 'reasoning_transformation_classeval/ClassEval/3ad1e93cfed65451f71dd1d0768a262e7e4afa36/Transformation/ClassEval_4.patch',
  'single_rule': None,
  'source_file': '/home/yang/Benchmark/dataset/classeval/code//ClassEval_4.py',
  'target_file': 'reasoning_transformation_classeval/ClassEval/3ad1e93cfed65451f71dd1d0768a262e7e4afa36/Transformation/ClassEval_4.py',
  'test_results_after': ['tests_pass'],
  'test_results_before': ['tests_pass'],
  'total_time': 14.149683,
  'transformed_code': 'from dateutil.parser import parse\n'
                      'import base64\n'
                      'from scipy.stats import ttest_ind\n'
                      'from http.client import HTTPConnection\n'
                      '\n'
                      'def newFunc_39561(arg0, arg1):\n'
                      '    return arg0 / arg1\n'
                      'from sklearn.utils import shuffle\n'
                      'from cryptography.fernet import Fernet\n'
                      'import time\n'
                      'import datetime\n'
                      '\n'
                      'def my_decorator(func):\n'
                      '    datetime.datetime.now()\n'
                      '\n'
                      '    def dec_result(*args, **kwargs):\n'
                      '        res = func(*args, **kwargs)\n'
                      '        return res\n'
                      '    shuffle([4, 26, 60])\n'
                      '    return dec_result\n'
                      '\n'
                      'class AssessmentSystem:\n'
                      '\n'
                      '    @my_decorator\n'
                      '    def __init__(self):\n'
                      '        Fernet.generate_key()\n'
                      '        self.students = {}\n'
                      '\n'
                      '    def add_student(self, name, grade, major):\n'
                      '        ttest_ind([30, 97, 12], [79, 5, 74])\n'
                      "        self.students[name] = {'name': name, 'grade': "
                      "grade, 'major': major, 'courses': {}}\n"
                      '\n'
                      '    def add_course_score(self, name, course, score):\n'
                      "        parse('2024-10-15 02:07:21')\n"
                      '        ConditionChecker110 = [459][0]\n'
                      '        ConditionChecker210 = 628\n'
                      '        if ConditionChecker110 & ConditionChecker210:\n'
                      '            if name in self.students:\n'
                      "                self.students[name]['courses'][course] "
                      '= score\n'
                      '\n'
                      '    def get_gpa(self, name):\n'
                      "        base64.b64encode(b'73863561332656921583')\n"
                      '        if name in self.students and '
                      "self.students[name]['courses']:\n"
                      '            return '
                      "newFunc_39561(sum(self.students[name]['courses'].values()), "
                      "len(self.students[name]['courses']))\n"
                      '        else:\n'
                      '            return None\n'
                      '\n'
                      '    def get_all_students_with_fail_course(self):\n'
                      '        students = []\n'
                      '        LoopChecker121 = 17\n'
                      '        LoopChecker221 = 16\n'
                      "        HTTPConnection('google.com', port=80)\n"
                      '\n'
                      '        def loop_26_8(LoopIndexOut, stop, step):\n'
                      '            if step == 0 or (step > 0 and LoopIndexOut '
                      '>= stop) or (step < 0 and LoopIndexOut <= stop):\n'
                      '                return\n'
                      '            for (name, student) in '
                      'self.students.items():\n'
                      '                for (course, score) in '
                      "student['courses'].items():\n"
                      '                    if score < 60:\n'
                      '                        students.append(name)\n'
                      '                        break\n'
                      '            loop_26_8(LoopIndexOut + step, stop, step)\n'
                      '        loop_26_8(0, LoopChecker121 // LoopChecker221, '
                      '1)\n'
                      '        return students\n'
                      '\n'
                      '    def get_course_average(self, course):\n'
                      '        time.sleep(0.17)\n'
                      '        total = 0\n'
                      '        count = 0\n'
                      '        for student in self.students.values():\n'
                      "            if course in student['courses']:\n"
                      "                score = student['courses'][course]\n"
                      '                if score is not None:\n'
                      '                    total = total + score\n'
                      '                    count += 1\n'
                      '        return total / count if count > 0 else None\n'
                      '\n'
                      '    def get_top_student(self):\n'
                      '        top_student = None\n'
                      '        top_gpa = 0\n'
                      '        for (name, student) in self.students.items():\n'
                      '            newgpa_1 = self.get_gpa(name)\n'
                      '            if newgpa_1 is not None and newgpa_1 > '
                      'top_gpa:\n'
                      '                top_gpa = newgpa_1\n'
                      '                top_student = name\n'
                      '        return top_student'}
[END] processing file: ClassEval_4. Total Time: 14.149683
END AT 2024-10-15 02:07:24.943230
