STARTING AT 2024-10-15 02:16:00.508743
[START] processing file: ClassEval_81
*Running tests for: ClassEval_81
....................................
----------------------------------------------------------------------
Ran 36 tests in 0.001s

OK

Result: ['tests_pass']
tests_pass ClassEval_81 /home/yang/Benchmark/dataset/classeval/code//ClassEval_81.py
Apply all rules on a single file.
Checking transformation add_nested_for_out
*Running tests for: ClassEval_81
....................................
----------------------------------------------------------------------
Ran 36 tests in 0.001s

OK

Result: ['tests_pass']
Checking transformation add_nested_if
*Running tests for: ClassEval_81
..........F.....FFFFF...............
======================================================================
FAIL: test_main (__main__.Statistics3TestMain)
----------------------------------------------------------------------
Traceback (most recent call last):
  File "/home/yang/Benchmark/.tmp_test/tmp_test.py", line 229, in test_main
    self.assertEqual(statistics3.median([1, 2, 3, 4]), 2.5)
AssertionError: None != 2.5

======================================================================
FAIL: test_median (__main__.Statistics3TestMedian)
----------------------------------------------------------------------
Traceback (most recent call last):
  File "/home/yang/Benchmark/.tmp_test/tmp_test.py", line 80, in test_median
    self.assertEqual(statistics3.median([1, 2, 3, 4]), 2.5)
AssertionError: None != 2.5

======================================================================
FAIL: test_median_2 (__main__.Statistics3TestMedian)
----------------------------------------------------------------------
Traceback (most recent call last):
  File "/home/yang/Benchmark/.tmp_test/tmp_test.py", line 84, in test_median_2
    self.assertEqual(statistics3.median([1, 2, 3, 4, 5]), 3)
AssertionError: None != 3

======================================================================
FAIL: test_median_3 (__main__.Statistics3TestMedian)
----------------------------------------------------------------------
Traceback (most recent call last):
  File "/home/yang/Benchmark/.tmp_test/tmp_test.py", line 88, in test_median_3
    self.assertEqual(statistics3.median([1, 2, 3, 4, 5, 6]), 3.5)
AssertionError: None != 3.5

======================================================================
FAIL: test_median_4 (__main__.Statistics3TestMedian)
----------------------------------------------------------------------
Traceback (most recent call last):
  File "/home/yang/Benchmark/.tmp_test/tmp_test.py", line 92, in test_median_4
    self.assertEqual(statistics3.median([1, 2, 3, 4, 5, 6, 7]), 4)
AssertionError: None != 4

======================================================================
FAIL: test_median_5 (__main__.Statistics3TestMedian)
----------------------------------------------------------------------
Traceback (most recent call last):
  File "/home/yang/Benchmark/.tmp_test/tmp_test.py", line 96, in test_median_5
    self.assertEqual(statistics3.median([1, 2, 3, 4, 5, 6, 7, 8]), 4.5)
AssertionError: None != 4.5

----------------------------------------------------------------------
Ran 36 tests in 0.001s

FAILED (failures=6)

Result: ['failure']
Drop add_nested_if due to ['failure']
Checking transformation add_nested_list
*Running tests for: ClassEval_81
....................................
----------------------------------------------------------------------
Ran 36 tests in 0.001s

OK

Result: ['tests_pass']
Checking transformation transform_range_to_recursion
*Running tests for: ClassEval_81
....................................
----------------------------------------------------------------------
Ran 36 tests in 0.001s

OK

Result: ['tests_pass']
Checking transformation add_decorator
*Running tests for: ClassEval_81
..........E.....EEEEE...............
======================================================================
ERROR: test_main (__main__.Statistics3TestMain)
----------------------------------------------------------------------
Traceback (most recent call last):
  File "/home/yang/Benchmark/.tmp_test/tmp_test.py", line 238, in test_main
    self.assertEqual(statistics3.median([1, 2, 3, 4]), 2.5)
  File "/home/yang/Benchmark/.tmp_test/tmp_test.py", line 4, in dec_result
    res = func(*args, **kwargs)
TypeError: Statistics3.median() takes 1 positional argument but 2 were given

======================================================================
ERROR: test_median (__main__.Statistics3TestMedian)
----------------------------------------------------------------------
Traceback (most recent call last):
  File "/home/yang/Benchmark/.tmp_test/tmp_test.py", line 89, in test_median
    self.assertEqual(statistics3.median([1, 2, 3, 4]), 2.5)
  File "/home/yang/Benchmark/.tmp_test/tmp_test.py", line 4, in dec_result
    res = func(*args, **kwargs)
TypeError: Statistics3.median() takes 1 positional argument but 2 were given

======================================================================
ERROR: test_median_2 (__main__.Statistics3TestMedian)
----------------------------------------------------------------------
Traceback (most recent call last):
  File "/home/yang/Benchmark/.tmp_test/tmp_test.py", line 93, in test_median_2
    self.assertEqual(statistics3.median([1, 2, 3, 4, 5]), 3)
  File "/home/yang/Benchmark/.tmp_test/tmp_test.py", line 4, in dec_result
    res = func(*args, **kwargs)
TypeError: Statistics3.median() takes 1 positional argument but 2 were given

======================================================================
ERROR: test_median_3 (__main__.Statistics3TestMedian)
----------------------------------------------------------------------
Traceback (most recent call last):
  File "/home/yang/Benchmark/.tmp_test/tmp_test.py", line 97, in test_median_3
    self.assertEqual(statistics3.median([1, 2, 3, 4, 5, 6]), 3.5)
  File "/home/yang/Benchmark/.tmp_test/tmp_test.py", line 4, in dec_result
    res = func(*args, **kwargs)
TypeError: Statistics3.median() takes 1 positional argument but 2 were given

======================================================================
ERROR: test_median_4 (__main__.Statistics3TestMedian)
----------------------------------------------------------------------
Traceback (most recent call last):
  File "/home/yang/Benchmark/.tmp_test/tmp_test.py", line 101, in test_median_4
    self.assertEqual(statistics3.median([1, 2, 3, 4, 5, 6, 7]), 4)
  File "/home/yang/Benchmark/.tmp_test/tmp_test.py", line 4, in dec_result
    res = func(*args, **kwargs)
TypeError: Statistics3.median() takes 1 positional argument but 2 were given

======================================================================
ERROR: test_median_5 (__main__.Statistics3TestMedian)
----------------------------------------------------------------------
Traceback (most recent call last):
  File "/home/yang/Benchmark/.tmp_test/tmp_test.py", line 105, in test_median_5
    self.assertEqual(statistics3.median([1, 2, 3, 4, 5, 6, 7, 8]), 4.5)
  File "/home/yang/Benchmark/.tmp_test/tmp_test.py", line 4, in dec_result
    res = func(*args, **kwargs)
TypeError: Statistics3.median() takes 1 positional argument but 2 were given

----------------------------------------------------------------------
Ran 36 tests in 0.001s

FAILED (errors=6)

Result: ['failure']
Drop add_decorator due to ['failure']
Checking transformation replace_with_numpy
*Running tests for: ClassEval_81
..........E.....EEEEE...............
======================================================================
ERROR: test_main (__main__.Statistics3TestMain)
----------------------------------------------------------------------
Traceback (most recent call last):
  File "/home/yang/Benchmark/.tmp_test/tmp_test.py", line 232, in test_main
    self.assertEqual(statistics3.median([1, 2, 3, 4]), 2.5)
  File "/usr/lib/python3.10/unittest/case.py", line 845, in assertEqual
    assertion_func(first, second, msg=msg)
  File "/usr/lib/python3.10/unittest/case.py", line 835, in _baseAssertEqual
    if not first == second:
ValueError: The truth value of an array with more than one element is ambiguous. Use a.any() or a.all()

======================================================================
ERROR: test_median (__main__.Statistics3TestMedian)
----------------------------------------------------------------------
Traceback (most recent call last):
  File "/home/yang/Benchmark/.tmp_test/tmp_test.py", line 83, in test_median
    self.assertEqual(statistics3.median([1, 2, 3, 4]), 2.5)
  File "/usr/lib/python3.10/unittest/case.py", line 845, in assertEqual
    assertion_func(first, second, msg=msg)
  File "/usr/lib/python3.10/unittest/case.py", line 835, in _baseAssertEqual
    if not first == second:
ValueError: The truth value of an array with more than one element is ambiguous. Use a.any() or a.all()

======================================================================
ERROR: test_median_2 (__main__.Statistics3TestMedian)
----------------------------------------------------------------------
Traceback (most recent call last):
  File "/home/yang/Benchmark/.tmp_test/tmp_test.py", line 87, in test_median_2
    self.assertEqual(statistics3.median([1, 2, 3, 4, 5]), 3)
  File "/usr/lib/python3.10/unittest/case.py", line 845, in assertEqual
    assertion_func(first, second, msg=msg)
  File "/usr/lib/python3.10/unittest/case.py", line 835, in _baseAssertEqual
    if not first == second:
ValueError: The truth value of an array with more than one element is ambiguous. Use a.any() or a.all()

======================================================================
ERROR: test_median_3 (__main__.Statistics3TestMedian)
----------------------------------------------------------------------
Traceback (most recent call last):
  File "/home/yang/Benchmark/.tmp_test/tmp_test.py", line 91, in test_median_3
    self.assertEqual(statistics3.median([1, 2, 3, 4, 5, 6]), 3.5)
  File "/usr/lib/python3.10/unittest/case.py", line 845, in assertEqual
    assertion_func(first, second, msg=msg)
  File "/usr/lib/python3.10/unittest/case.py", line 835, in _baseAssertEqual
    if not first == second:
ValueError: The truth value of an array with more than one element is ambiguous. Use a.any() or a.all()

======================================================================
ERROR: test_median_4 (__main__.Statistics3TestMedian)
----------------------------------------------------------------------
Traceback (most recent call last):
  File "/home/yang/Benchmark/.tmp_test/tmp_test.py", line 95, in test_median_4
    self.assertEqual(statistics3.median([1, 2, 3, 4, 5, 6, 7]), 4)
  File "/usr/lib/python3.10/unittest/case.py", line 845, in assertEqual
    assertion_func(first, second, msg=msg)
  File "/usr/lib/python3.10/unittest/case.py", line 835, in _baseAssertEqual
    if not first == second:
ValueError: The truth value of an array with more than one element is ambiguous. Use a.any() or a.all()

======================================================================
ERROR: test_median_5 (__main__.Statistics3TestMedian)
----------------------------------------------------------------------
Traceback (most recent call last):
  File "/home/yang/Benchmark/.tmp_test/tmp_test.py", line 99, in test_median_5
    self.assertEqual(statistics3.median([1, 2, 3, 4, 5, 6, 7, 8]), 4.5)
  File "/usr/lib/python3.10/unittest/case.py", line 845, in assertEqual
    assertion_func(first, second, msg=msg)
  File "/usr/lib/python3.10/unittest/case.py", line 835, in _baseAssertEqual
    if not first == second:
ValueError: The truth value of an array with more than one element is ambiguous. Use a.any() or a.all()

----------------------------------------------------------------------
Ran 36 tests in 0.002s

FAILED (errors=6)

Result: ['failure']
Drop replace_with_numpy due to ['failure']
Checking transformation add_datetime
*Running tests for: ClassEval_81
....................................
----------------------------------------------------------------------
Ran 36 tests in 0.001s

OK

Result: ['tests_pass']
Checking transformation add_time
*Running tests for: ClassEval_81
....................................
----------------------------------------------------------------------
Ran 36 tests in 0.064s

OK

Result: ['tests_pass']
Checking transformation create_functions
*Running tests for: ClassEval_81
....................................
----------------------------------------------------------------------
Ran 36 tests in 0.070s

OK

Result: ['tests_pass']
Checking transformation add_http
*Running tests for: ClassEval_81
....................................
----------------------------------------------------------------------
Ran 36 tests in 0.073s

OK

Result: ['tests_pass']
Checking transformation add_scipy
*Running tests for: ClassEval_81
....................................
----------------------------------------------------------------------
Ran 36 tests in 0.079s

OK

Result: ['tests_pass']
Checking transformation add_base64
*Running tests for: ClassEval_81
....................................
----------------------------------------------------------------------
Ran 36 tests in 0.074s

OK

Result: ['tests_pass']
Checking transformation add_dateutil
*Running tests for: ClassEval_81
....................................
----------------------------------------------------------------------
Ran 36 tests in 0.081s

OK

Result: ['tests_pass']
The file 'reasoning_transformation_classeval/ClassEval/3ad1e93cfed65451f71dd1d0768a262e7e4afa36/Transformation/ClassEval_81.py' has been formatted successfully.
Checking reasoning_transformation_classeval/ClassEval/3ad1e93cfed65451f71dd1d0768a262e7e4afa36/Transformation/ClassEval_81.py
*Running tests for: ClassEval_81
....................................
----------------------------------------------------------------------
Ran 36 tests in 0.080s

OK

Result: ['tests_pass']
{ 'applicable_rules': [ 'change_var_names',
                        'add_nested_for_out',
                        'add_else_to_for',
                        'add_nested_list',
                        'transform_range_to_recursion',
                        'add_datetime',
                        'add_time',
                        'add_crypto',
                        'add_sklearn',
                        'create_functions',
                        'add_http',
                        'add_scipy',
                        'add_base64',
                        'add_dateutil'],
  'diff_output': 'reasoning_transformation_classeval/ClassEval/3ad1e93cfed65451f71dd1d0768a262e7e4afa36/Transformation/ClassEval_81.patch',
  'evaluation_tests_dir': '/home/yang/Benchmark/dataset/classeval/',
  'exception': None,
  'file_id': 'ClassEval_81',
  'genetic_algorithm': None,
  'original_code': 'import math\n'
                   '\n'
                   'class Statistics3:\n'
                   '\n'
                   '    @staticmethod\n'
                   '    def median(data):\n'
                   '        sorted_data = sorted(data)\n'
                   '        n = len(sorted_data)\n'
                   '        if n % 2 == 1:\n'
                   '            return sorted_data[n // 2]\n'
                   '        else:\n'
                   '            return (sorted_data[n // 2 - 1] + '
                   'sorted_data[n // 2]) / 2\n'
                   '\n'
                   '    @staticmethod\n'
                   '    def mode(data):\n'
                   '        counts = {}\n'
                   '        for value in data:\n'
                   '            counts[value] = counts.get(value, 0) + 1\n'
                   '        max_count = max(counts.values())\n'
                   '        mode_values = [value for (value, count) in '
                   'counts.items() if count == max_count]\n'
                   '        return mode_values\n'
                   '\n'
                   '    @staticmethod\n'
                   '    def correlation(x, y):\n'
                   '        n = len(x)\n'
                   '        mean_x = sum(x) / n\n'
                   '        mean_y = sum(y) / n\n'
                   '        numerator = sum(((xi - mean_x) * (yi - mean_y) for '
                   '(xi, yi) in zip(x, y)))\n'
                   '        denominator = math.sqrt(sum(((xi - mean_x) ** 2 '
                   'for xi in x)) * sum(((yi - mean_y) ** 2 for yi in y)))\n'
                   '        if denominator == 0:\n'
                   '            return None\n'
                   '        return numerator / denominator\n'
                   '\n'
                   '    @staticmethod\n'
                   '    def mean(data):\n'
                   '        if len(data) == 0:\n'
                   '            return None\n'
                   '        return sum(data) / len(data)\n'
                   '\n'
                   '    @staticmethod\n'
                   '    def correlation_matrix(data):\n'
                   '        matrix = []\n'
                   '        for i in range(len(data[0])):\n'
                   '            row = []\n'
                   '            for j in range(len(data[0])):\n'
                   '                column1 = [row[i] for row in data]\n'
                   '                column2 = [row[j] for row in data]\n'
                   '                correlation = '
                   'Statistics3.correlation(column1, column2)\n'
                   '                row.append(correlation)\n'
                   '            matrix.append(row)\n'
                   '        return matrix\n'
                   '\n'
                   '    @staticmethod\n'
                   '    def standard_deviation(data):\n'
                   '        n = len(data)\n'
                   '        if n < 2:\n'
                   '            return None\n'
                   '        mean_value = Statistics3.mean(data)\n'
                   '        variance = sum(((x - mean_value) ** 2 for x in '
                   'data)) / (n - 1)\n'
                   '        return math.sqrt(variance)\n'
                   '\n'
                   '    @staticmethod\n'
                   '    def z_score(data):\n'
                   '        mean = Statistics3.mean(data)\n'
                   '        std_deviation = '
                   'Statistics3.standard_deviation(data)\n'
                   '        if std_deviation is None or std_deviation == 0:\n'
                   '            return None\n'
                   '        return [(x - mean) / std_deviation for x in data]',
  'patch_path': 'reasoning_transformation_classeval/ClassEval/3ad1e93cfed65451f71dd1d0768a262e7e4afa36/Transformation/ClassEval_81.patch',
  'single_rule': None,
  'source_file': '/home/yang/Benchmark/dataset/classeval/code//ClassEval_81.py',
  'target_file': 'reasoning_transformation_classeval/ClassEval/3ad1e93cfed65451f71dd1d0768a262e7e4afa36/Transformation/ClassEval_81.py',
  'test_results_after': ['tests_pass'],
  'test_results_before': ['tests_pass'],
  'total_time': 6.624665,
  'transformed_code': 'from dateutil.parser import parse\n'
                      'import base64\n'
                      'from scipy.stats import ttest_ind\n'
                      'from http.client import HTTPConnection\n'
                      '\n'
                      'def newFunc0_39(n, x, sum):\n'
                      '    return sum(x) / n\n'
                      'from sklearn.utils import shuffle\n'
                      'from cryptography.fernet import Fernet\n'
                      'import time\n'
                      'import datetime\n'
                      'import math\n'
                      '\n'
                      'class Statistics3:\n'
                      '\n'
                      '    @staticmethod\n'
                      '    def median(data):\n'
                      '        sorted_data = sorted(data)\n'
                      '        n = len(sorted_data)\n'
                      '        if n % 2 == 1:\n'
                      '            return sorted_data[n // 2]\n'
                      '        else:\n'
                      '            return (sorted_data[n // 2 - 1] + '
                      'sorted_data[n // 2]) / 2\n'
                      '\n'
                      '    @staticmethod\n'
                      '    def mode(data):\n'
                      '        counts = {}\n'
                      '        LoopChecker117 = [799][0]\n'
                      '        LoopChecker217 = 798\n'
                      '\n'
                      '        def loop_19_8(LoopIndexOut, stop, step):\n'
                      '            if step == 0 or (step > 0 and LoopIndexOut '
                      '>= stop) or (step < 0 and LoopIndexOut <= stop):\n'
                      '                return\n'
                      '            for value in data:\n'
                      '                counts[value] = counts.get(value, 0) + '
                      '1\n'
                      '            loop_19_8(LoopIndexOut + step, stop, step)\n'
                      '        loop_19_8(0, LoopChecker117 // LoopChecker217, '
                      '1)\n'
                      '        time.sleep(0.01)\n'
                      '        max_count = max(counts.values())\n'
                      '        mode_values = [value for (value, count) in '
                      'counts.items() if count == max_count]\n'
                      "        HTTPConnection('google.com', port=80)\n"
                      '        ttest_ind([2, 75, 19], [57, 55, 50])\n'
                      '        return mode_values\n'
                      '\n'
                      '    @staticmethod\n'
                      '    def correlation(x, y):\n'
                      '        n = len(x)\n'
                      '        mean_x = newFunc0_39(n, x, sum)\n'
                      '        mean_y = sum(y) / n\n'
                      '        numerator = sum(((xi - mean_x) * (yi - mean_y) '
                      'for (xi, yi) in zip(x, y)))\n'
                      '        denominator = math.sqrt(sum(((xi - mean_x) ** 2 '
                      'for xi in x)) * sum(((yi - mean_y) ** 2 for yi in y)))\n'
                      '        if denominator == 0:\n'
                      '            return None\n'
                      '        return numerator / denominator\n'
                      '\n'
                      '    @staticmethod\n'
                      '    def mean(data):\n'
                      '        if len(data) == 0:\n'
                      '            return None\n'
                      "        base64.b64encode(b'63023456466516336924')\n"
                      '        datetime.datetime.now()\n'
                      '        shuffle([69, 87, 13])\n'
                      '        return sum(data) / len(data)\n'
                      '\n'
                      '    @staticmethod\n'
                      '    def correlation_matrix(data):\n'
                      '        matrix = []\n'
                      "        parse('2024-10-15 02:16:05')\n"
                      '        for i in range(len(data[0])):\n'
                      '            row = []\n'
                      '            for j in range(len(data[0])):\n'
                      '                column1 = [row[i] for row in data]\n'
                      '                column2 = [row[j] for row in data]\n'
                      '                newcorrelation_1 = '
                      'Statistics3.correlation(column1, column2)\n'
                      '                row.append(newcorrelation_1)\n'
                      '            matrix.append(row)\n'
                      '        return matrix\n'
                      '\n'
                      '    @staticmethod\n'
                      '    def standard_deviation(data):\n'
                      '        n = len(data)\n'
                      '        Fernet.generate_key()\n'
                      '        if n < 2:\n'
                      '            return None\n'
                      '        mean_value = Statistics3.mean(data)\n'
                      '        variance = sum(((x - mean_value) ** 2 for x in '
                      'data)) / (n - 1)\n'
                      '        return math.sqrt(variance)\n'
                      '\n'
                      '    @staticmethod\n'
                      '    def z_score(data):\n'
                      '        mean = Statistics3.mean(data)\n'
                      '        std_deviation = '
                      'Statistics3.standard_deviation(data)\n'
                      '        if std_deviation is None or std_deviation == '
                      '0:\n'
                      '            return None\n'
                      '        return [(x - mean) / std_deviation for x in '
                      'data]'}
[END] processing file: ClassEval_81. Total Time: 6.624665
END AT 2024-10-15 02:16:07.136005
